\BOOKMARK [0][-]{chapter.1}{\376\377\000I\000n\000t\000r\000o\000d\000u\000c\000t\000i\000o\000n}{}% 1
\BOOKMARK [1][-]{section.1.1}{\376\377\000W\000h\000y\000\040\000n\000o\000n\000-\000c\000o\000n\000v\000e\000x\000\040\000f\000u\000n\000c\000t\000i\000o\000n\000s\000\040\000c\000a\000n\000\040\000b\000e\000\040\000d\000i\000f\000f\000i\000c\000u\000l\000t\000\040\000t\000o\000\040\000o\000p\000t\000i\000m\000i\000z\000e}{chapter.1}% 2
\BOOKMARK [1][-]{section.1.2}{\376\377\000W\000h\000y\000\040\000i\000s\000\040\000c\000o\000n\000v\000e\000x\000i\000t\000y\000\040\000u\000s\000e\000f\000u\000l\000?\000\040\000L\000i\000n\000e\000a\000r\000\040\000S\000e\000p\000a\000r\000a\000b\000i\000l\000i\000t\000y\000!}{chapter.1}% 3
\BOOKMARK [1][-]{section.1.3}{\376\377\000C\000o\000n\000v\000e\000x\000\040\000p\000r\000o\000b\000l\000e\000m\000s\000\040\000a\000r\000e\000\040\000e\000v\000e\000r\000y\000w\000h\000e\000r\000e\000!}{chapter.1}% 4
\BOOKMARK [1][-]{section.1.4}{\376\377\000E\000x\000a\000m\000p\000l\000e\000s\000\040\000o\000f\000\040\000c\000o\000n\000v\000e\000x\000\040\000s\000e\000t\000s\000\040\000a\000n\000d\000\040\000f\000u\000n\000c\000t\000i\000o\000n\000s}{chapter.1}% 5
\BOOKMARK [1][-]{section.1.5}{\376\377\000C\000h\000e\000c\000k\000i\000n\000g\000\040\000c\000o\000n\000v\000e\000x\000i\000t\000y}{chapter.1}% 6
\BOOKMARK [1][-]{section.1.6}{\376\377\000S\000u\000b\000g\000r\000a\000d\000i\000e\000n\000t\000s}{chapter.1}% 7
\BOOKMARK [1][-]{section.1.7}{\376\377\000L\000o\000g\000c\000o\000n\000c\000a\000v\000e\000\040\000f\000u\000n\000c\000t\000i\000o\000n\000s}{chapter.1}% 8
\BOOKMARK [-1][-]{part.1}{\376\377\000I\000\040\000O\000p\000t\000i\000m\000i\000z\000a\000t\000i\000o\000n}{}% 9
\BOOKMARK [0][-]{chapter.2}{\376\377\000G\000r\000a\000d\000i\000e\000n\000t\000\040\000D\000e\000s\000c\000e\000n\000t}{part.1}% 10
\BOOKMARK [1][-]{section.2.1}{\376\377\000P\000h\000i\000l\000o\000s\000o\000p\000h\000y}{chapter.2}% 11
\BOOKMARK [1][-]{section.2.2}{\376\377\000B\000a\000s\000i\000c\000\040\000A\000l\000g\000o\000r\000i\000t\000h\000m}{chapter.2}% 12
\BOOKMARK [1][-]{section.2.3}{\376\377\000A\000n\000a\000l\000y\000s\000i\000s\000\040\000f\000o\000r\000\040\000c\000o\000n\000v\000e\000x\000\040\000f\000u\000n\000c\000t\000i\000o\000n\000s}{chapter.2}% 13
\BOOKMARK [1][-]{section.2.4}{\376\377\000S\000t\000r\000o\000n\000g\000l\000y\000\040\000C\000o\000n\000v\000e\000x\000\040\000F\000u\000n\000c\000t\000i\000o\000n\000s}{chapter.2}% 14
\BOOKMARK [1][-]{section.2.5}{\376\377\000L\000i\000n\000e\000\040\000S\000e\000a\000r\000c\000h}{chapter.2}% 15
\BOOKMARK [1][-]{section.2.6}{\376\377\000G\000e\000n\000e\000r\000a\000l\000i\000z\000i\000n\000g\000\040\000G\000r\000a\000d\000i\000e\000n\000t\000\040\000D\000e\000s\000c\000e\000n\000t\000*}{chapter.2}% 16
\BOOKMARK [1][-]{section.2.7}{\376\377\000G\000r\000a\000d\000i\000e\000n\000t\000\040\000F\000l\000o\000w}{chapter.2}% 17
\BOOKMARK [1][-]{section.2.8}{\376\377\000D\000i\000s\000c\000u\000s\000s\000i\000o\000n}{chapter.2}% 18
\BOOKMARK [0][-]{chapter.3}{\376\377\000E\000l\000i\000m\000i\000n\000a\000t\000i\000o\000n}{part.1}% 19
\BOOKMARK [1][-]{section.3.1}{\376\377\000C\000u\000t\000t\000i\000n\000g\000\040\000P\000l\000a\000n\000e\000\040\000M\000e\000t\000h\000o\000d\000s}{chapter.3}% 20
\BOOKMARK [1][-]{section.3.2}{\376\377\000E\000l\000l\000i\000p\000s\000o\000i\000d\000\040\000M\000e\000t\000h\000o\000d}{chapter.3}% 21
\BOOKMARK [1][-]{section.3.3}{\376\377\000F\000r\000o\000m\000\040\000V\000o\000l\000u\000m\000e\000\040\000t\000o\000\040\000F\000u\000n\000c\000t\000i\000o\000n\000\040\000V\000a\000l\000u\000e}{chapter.3}% 22
\BOOKMARK [1][-]{section.3.4}{\376\377\000C\000e\000n\000t\000e\000r\000\040\000o\000f\000\040\000G\000r\000a\000v\000i\000t\000y\000\040\000M\000e\000t\000h\000o\000d}{chapter.3}% 23
\BOOKMARK [1][-]{section.3.5}{\376\377\000S\000p\000h\000e\000r\000e\000\040\000a\000n\000d\000\040\000P\000a\000r\000a\000b\000o\000l\000a\000\040\000M\000e\000t\000h\000o\000d\000s}{chapter.3}% 24
\BOOKMARK [1][-]{section.3.6}{\376\377\000L\000o\000w\000e\000r\000\040\000B\000o\000u\000n\000d\000s}{chapter.3}% 25
\BOOKMARK [0][-]{chapter.4}{\376\377\000R\000e\000d\000u\000c\000t\000i\000o\000n}{part.1}% 26
\BOOKMARK [1][-]{section.4.1}{\376\377\000E\000q\000u\000i\000v\000a\000l\000e\000n\000c\000e\000s\000\040\000b\000e\000t\000w\000e\000e\000n\000\040\000O\000r\000a\000c\000l\000e\000s}{chapter.4}% 27
\BOOKMARK [1][-]{section.4.2}{\376\377\000G\000r\000a\000d\000i\000e\000n\000t\000\040\000f\000r\000o\000m\000\040\000E\000v\000a\000l\000u\000a\000t\000i\000o\000n\000\040\000v\000i\000a\000\040\000F\000i\000n\000i\000t\000e\000\040\000D\000i\000f\000f\000e\000r\000e\000n\000c\000e}{chapter.4}% 28
\BOOKMARK [1][-]{section.4.3}{\376\377\000S\000e\000p\000a\000r\000a\000t\000i\000o\000n\000\040\000v\000i\000a\000\040\000M\000e\000m\000b\000e\000r\000s\000h\000i\000p\000\040}{chapter.4}% 29
\BOOKMARK [1][-]{section.4.4}{\376\377\000C\000o\000m\000p\000o\000s\000i\000t\000e\000\040\000P\000r\000o\000b\000l\000e\000m\000\040\000v\000i\000a\000\040\000D\000u\000a\000l\000i\000t\000y}{chapter.4}% 30
\BOOKMARK [0][-]{chapter.5}{\376\377\000G\000e\000o\000m\000e\000t\000r\000i\000z\000a\000t\000i\000o\000n}{part.1}% 31
\BOOKMARK [1][-]{section.5.1}{\376\377\000F\000r\000a\000n\000k\040\023\000W\000o\000l\000f\000e\000\040}{chapter.5}% 32
\BOOKMARK [1][-]{section.5.2}{\376\377\000T\000h\000e\000\040\000N\000e\000w\000t\000o\000n\000\040\000M\000e\000t\000h\000o\000d}{chapter.5}% 33
\BOOKMARK [1][-]{section.5.3}{\376\377\000I\000n\000t\000e\000r\000i\000o\000r\000\040\000P\000o\000i\000n\000t\000\040\000M\000e\000t\000h\000o\000d\000\040\000f\000o\000r\000\040\000L\000i\000n\000e\000a\000r\000\040\000P\000r\000o\000g\000r\000a\000m\000s}{chapter.5}% 34
\BOOKMARK [1][-]{section.5.4}{\376\377\000I\000n\000t\000e\000r\000i\000o\000r\000\040\000P\000o\000i\000n\000t\000\040\000M\000e\000t\000h\000o\000d\000\040\000f\000o\000r\000\040\000C\000o\000n\000v\000e\000x\000\040\000P\000r\000o\000g\000r\000a\000m\000s}{chapter.5}% 35
\BOOKMARK [1][-]{section.5.5}{\376\377\000S\000t\000a\000t\000e\000\040\000o\000f\000\040\000t\000h\000e\000\040\000A\000r\000t}{chapter.5}% 36
\BOOKMARK [1][-]{section.5.6}{\376\377\000R\000e\000m\000a\000r\000k\000s\000\040\000o\000n\000\040\000t\000h\000e\000\040\000R\000u\000n\000t\000i\000m\000e}{chapter.5}% 37
\BOOKMARK [1][-]{section.5.7}{\376\377\000R\000e\000l\000a\000t\000i\000o\000n\000s\000\040\000B\000e\000t\000w\000e\000e\000n\000\040\000D\000i\000f\000f\000e\000r\000e\000n\000t\000\040\000F\000i\000r\000s\000t\000-\000o\000r\000d\000e\000r\000\040\000M\000e\000t\000h\000o\000d\000s}{chapter.5}% 38
\BOOKMARK [0][-]{chapter.6}{\376\377\000S\000p\000a\000r\000s\000i\000f\000i\000c\000a\000t\000i\000o\000n}{part.1}% 39
\BOOKMARK [1][-]{section.6.1}{\376\377\000S\000u\000b\000s\000p\000a\000c\000e\000\040\000e\000m\000b\000e\000d\000d\000i\000n\000g}{chapter.6}% 40
\BOOKMARK [1][-]{section.6.2}{\376\377\000L\000e\000v\000e\000r\000a\000g\000e\000\040\000S\000c\000o\000r\000e\000\040\000S\000a\000m\000p\000l\000i\000n\000g}{chapter.6}% 41
\BOOKMARK [1][-]{section.6.3}{\376\377\000S\000t\000o\000c\000h\000a\000s\000t\000i\000c\000\040\000G\000r\000a\000d\000i\000e\000n\000t\000\040\000D\000e\000s\000c\000e\000n\000t}{chapter.6}% 42
\BOOKMARK [1][-]{section.6.4}{\376\377\000C\000o\000o\000r\000d\000i\000n\000a\000t\000e\000\040\000D\000e\000s\000c\000e\000n\000t}{chapter.6}% 43
\BOOKMARK [0][-]{chapter.7}{\376\377\000A\000c\000c\000e\000l\000e\000r\000a\000t\000i\000o\000n}{part.1}% 44
\BOOKMARK [1][-]{section.7.1}{\376\377\000C\000h\000e\000b\000y\000s\000h\000e\000v\000\040\000P\000o\000l\000y\000n\000o\000m\000i\000a\000l\000s}{chapter.7}% 45
\BOOKMARK [1][-]{section.7.2}{\376\377\000C\000o\000n\000j\000u\000g\000a\000t\000e\000\040\000G\000r\000a\000d\000i\000e\000n\000t}{chapter.7}% 46
\BOOKMARK [1][-]{section.7.3}{\376\377\000A\000c\000c\000e\000l\000e\000r\000a\000t\000e\000d\000\040\000G\000r\000a\000d\000i\000e\000n\000t\000\040\000D\000e\000s\000c\000e\000n\000t\000\040\000v\000i\000a\000\040\000P\000l\000a\000n\000e\000\040\000S\000e\000a\000r\000c\000h}{chapter.7}% 47
\BOOKMARK [1][-]{section.7.4}{\376\377\000A\000c\000c\000e\000l\000e\000r\000a\000t\000e\000d\000\040\000G\000r\000a\000d\000i\000e\000n\000t\000\040\000D\000e\000s\000c\000e\000n\000t}{chapter.7}% 48
\BOOKMARK [1][-]{section.7.5}{\376\377\000A\000c\000c\000e\000l\000e\000r\000a\000t\000e\000d\000\040\000C\000o\000o\000r\000d\000i\000n\000a\000t\000e\000\040\000D\000e\000s\000c\000e\000n\000t}{chapter.7}% 49
\BOOKMARK [1][-]{section.7.6}{\376\377\000A\000c\000c\000e\000l\000e\000r\000a\000t\000e\000d\000\040\000S\000t\000o\000c\000h\000a\000s\000t\000i\000c\000\040\000D\000e\000s\000c\000e\000n\000t}{chapter.7}% 50
\BOOKMARK [-1][-]{part.2}{\376\377\000I\000I\000\040\000S\000a\000m\000p\000l\000i\000n\000g}{}% 51
\BOOKMARK [0][-]{chapter.8}{\376\377\000G\000r\000a\000d\000i\000e\000n\000t\000-\000b\000a\000s\000e\000d\000\040\000S\000a\000m\000p\000l\000i\000n\000g}{part.2}% 52
\BOOKMARK [1][-]{section.8.1}{\376\377\000G\000r\000a\000d\000i\000e\000n\000t\000-\000b\000a\000s\000e\000d\000\040\000S\000a\000m\000p\000l\000i\000n\000g\000:\000\040\000L\000a\000n\000g\000e\000v\000i\000n\000\040\000D\000y\000n\000a\000m\000i\000c\000s}{chapter.8}% 53
\BOOKMARK [1][-]{section.8.2}{\376\377\000L\000a\000n\000g\000e\000v\000i\000n\000\040\000D\000y\000n\000a\000m\000i\000c\000s\000\040\000i\000s\000\040\000G\000r\000a\000d\000i\000e\000n\000t\000\040\000D\000e\000s\000c\000e\000n\000t\000\040\000i\000n\000\040\000D\000e\000n\000s\000i\000t\000y\000\040\000S\000p\000a\000c\000e\000*\000S\000e\000c\000t\000i\000o\000n\000s\000\040\000m\000a\000r\000k\000e\000d\000\040\000w\000i\000t\000h\000\040\000*\000\040\000a\000r\000e\000\040\000m\000o\000r\000e\000\040\000m\000a\000t\000h\000e\000m\000a\000t\000i\000c\000a\000l\000\040\000a\000n\000d\000\040\000c\000a\000n\000\040\000b\000e\000\040\000s\000k\000i\000p\000p\000e\000d\000.}{chapter.8}% 54
\BOOKMARK [0][-]{chapter.9}{\376\377\000E\000l\000i\000m\000i\000n\000a\000t\000i\000o\000n\000\040\000a\000n\000d\000\040\000R\000e\000d\000u\000c\000t\000i\000o\000n}{part.2}% 55
\BOOKMARK [1][-]{section.9.1}{\376\377\000H\000a\000r\000d\000n\000e\000s\000s\000\040\000o\000f\000\040\000V\000o\000l\000u\000m\000e\000\040\000E\000s\000t\000i\000m\000a\000t\000i\000o\000n}{chapter.9}% 56
\BOOKMARK [1][-]{section.9.2}{\376\377\000C\000u\000t\000t\000i\000n\000g\000\040\000P\000l\000a\000n\000e\000\040\000m\000e\000t\000h\000o\000d\000\040\000f\000o\000r\000\040\000V\000o\000l\000u\000m\000e\000\040\000C\000o\000m\000p\000u\000t\000a\000t\000i\000o\000n\000:\000\040\000R\000e\000d\000u\000c\000t\000i\000o\000n\000\040\000t\000o\000\040\000C\000e\000n\000t\000e\000r\000-\000o\000f\000-\000G\000r\000a\000v\000i\000t\000y}{chapter.9}% 57
\BOOKMARK [1][-]{section.9.3}{\376\377\000P\000r\000o\000o\000f\000\040\000o\000f\000\040\000t\000h\000e\000\040\000B\000r\000u\000n\000n\000-\000M\000i\000n\000k\000o\000w\000s\000k\000i\000\040\000I\000n\000e\000q\000u\000a\000l\000i\000t\000y}{chapter.9}% 58
\BOOKMARK [1][-]{section.9.4}{\376\377\000O\000p\000t\000i\000m\000i\000z\000a\000t\000i\000o\000n\000\040\000f\000r\000o\000m\000\040\000M\000e\000m\000b\000e\000r\000s\000h\000i\000p\000\040\000v\000i\000a\000\040\000S\000a\000m\000p\000l\000i\000n\000g}{chapter.9}% 59
\BOOKMARK [0][-]{chapter.10}{\376\377\000G\000e\000o\000m\000e\000t\000r\000i\000z\000a\000t\000i\000o\000n\000\040}{part.2}% 60
\BOOKMARK [1][-]{section.10.1}{\376\377\000B\000a\000s\000i\000c\000s\000\040\000o\000f\000\040\000M\000a\000r\000k\000o\000v\000\040\000c\000h\000a\000i\000n\000s}{chapter.10}% 61
\BOOKMARK [1][-]{section.10.2}{\376\377\000C\000o\000n\000d\000u\000c\000t\000a\000n\000c\000e\000\040\000o\000f\000\040\000t\000h\000e\000\040\000B\000a\000l\000l\000\040\000W\000a\000l\000k}{chapter.10}% 62
\BOOKMARK [1][-]{section.10.3}{\376\377\000G\000e\000n\000e\000r\000a\000t\000i\000n\000g\000\040\000a\000\040\000w\000a\000r\000m\000\040\000s\000t\000a\000r\000t}{chapter.10}% 63
\BOOKMARK [1][-]{section.10.4}{\376\377\000I\000s\000o\000t\000r\000o\000p\000i\000c\000\040\000T\000r\000a\000n\000s\000f\000o\000r\000m\000a\000t\000i\000o\000n}{chapter.10}% 64
\BOOKMARK [1][-]{section.10.5}{\376\377\000I\000s\000o\000p\000e\000r\000i\000m\000e\000t\000r\000y\000\040\000v\000i\000a\000\040\000l\000o\000c\000a\000l\000i\000z\000a\000t\000i\000o\000n}{chapter.10}% 65
\BOOKMARK [1][-]{section.10.6}{\376\377\000H\000i\000t\000-\000a\000n\000d\000-\000R\000u\000n}{chapter.10}% 66
\BOOKMARK [1][-]{section.10.7}{\376\377\000D\000i\000k\000i\000n\000\040\000w\000a\000l\000k}{chapter.10}% 67
\BOOKMARK [1][-]{section.10.8}{\376\377\000H\000a\000m\000i\000l\000t\000o\000n\000i\000a\000n\000\040\000M\000o\000n\000t\000e\000\040\000C\000a\000r\000l\000o}{chapter.10}% 68
\BOOKMARK [0][-]{chapter.11}{\376\377\000A\000n\000n\000e\000a\000l\000i\000n\000g\000\040\000\040}{part.2}% 69
\BOOKMARK [1][-]{section.11.1}{\376\377\000V\000o\000l\000u\000m\000e\000\040\000C\000o\000m\000p\000u\000t\000a\000t\000i\000o\000n\000:\000\040\000t\000h\000e\000\040\000D\000F\000K\000\040\000A\000l\000g\000o\000r\000i\000t\000h\000m}{chapter.11}% 70
\BOOKMARK [1][-]{section.11.2}{\376\377\000S\000i\000m\000u\000l\000a\000t\000e\000d\000\040\000A\000n\000n\000e\000a\000l\000i\000n\000g}{chapter.11}% 71
\BOOKMARK [1][-]{section.11.3}{\376\377\000V\000o\000l\000u\000m\000e\000\040\000C\000o\000m\000p\000u\000t\000a\000t\000i\000o\000n\000\040\000b\000y\000\040\000A\000n\000n\000e\000a\000l\000i\000n\000g}{chapter.11}% 72
\BOOKMARK [1][-]{section.11.4}{\376\377\000I\000n\000t\000e\000g\000r\000a\000t\000i\000o\000n\000\040\000b\000y\000\040\000A\000n\000n\000e\000a\000l\000i\000n\000g}{chapter.11}% 73
\BOOKMARK [0][-]{appendix.A}{\376\377\000C\000a\000l\000c\000u\000l\000u\000s\000\040\000-\000\040\000R\000e\000v\000i\000e\000w}{part.2}% 74
\BOOKMARK [1][-]{section.A.1}{\376\377\000D\000i\000v\000e\000r\000g\000e\000n\000c\000e\000\040\000a\000n\000d\000\040\000I\000n\000t\000e\000g\000r\000a\000t\000i\000o\000n\000\040\000b\000y\000\040\000P\000a\000r\000t\000s}{appendix.A}% 75
\BOOKMARK [1][-]{section.A.2}{\376\377\000T\000i\000p\000s\000\040\000f\000o\000r\000\040\000C\000o\000m\000p\000u\000t\000i\000n\000g\000\040\000G\000r\000a\000d\000i\000e\000n\000t\000s}{appendix.A}% 76
\BOOKMARK [1][-]{section.A.3}{\376\377\000S\000o\000l\000v\000i\000n\000g\000\040\000o\000p\000t\000i\000m\000i\000z\000a\000t\000i\000o\000n\000\040\000p\000r\000o\000b\000l\000e\000m\000s\000\040\000b\000y\000\040\000h\000a\000n\000d}{appendix.A}% 77
\BOOKMARK [0][-]{appendix.B}{\376\377\000N\000o\000t\000a\000t\000i\000o\000n\000\040}{part.2}% 78
