This is pdfTeX, Version 3.141592653-2.6-1.40.24 (TeX Live 2022) (preloaded format=pdflatex 2022.10.28)  1 JUL 2026 14:20
entering extended mode
 restricted \write18 enabled.
 %&-line parsing enabled.
**main.tex
(./main.tex
LaTeX2e <2022-06-01> patch level 5
L3 programming layer <2022-10-26>
(c:/texlive/2022/texmf-dist/tex/latex/base/book.cls
Document Class: book 2021/10/04 v1.4n Standard LaTeX document class
(c:/texlive/2022/texmf-dist/tex/latex/base/bk10.clo
File: bk10.clo 2021/10/04 v1.4n Standard LaTeX file (size option)
)
\c@part=\count185
\c@chapter=\count186
\c@section=\count187
\c@subsection=\count188
\c@subsubsection=\count189
\c@paragraph=\count190
\c@subparagraph=\count191
\c@figure=\count192
\c@table=\count193
\abovecaptionskip=\skip47
\belowcaptionskip=\skip48
\bibindent=\dimen138
)
(c:/texlive/2022/texmf-dist/tex/latex/base/fontenc.sty
Package: fontenc 2021/04/29 v2.0v Standard LaTeX package
)
(c:/texlive/2022/texmf-dist/tex/latex/base/inputenc.sty
Package: inputenc 2021/02/14 v1.3d Input encoding file
\inpenc@prehook=\toks16
\inpenc@posthook=\toks17

(c:/texlive/2022/texmf-dist/tex/latex/base/latin9.def
File: latin9.def 2021/02/14 v1.3d Input encoding file
))
(c:/texlive/2022/texmf-dist/tex/latex/colortbl/colortbl.sty
Package: colortbl 2022/06/20 v1.0f Color table columns (DPC)

(c:/texlive/2022/texmf-dist/tex/latex/tools/array.sty
Package: array 2022/03/10 v2.5f Tabular extension package (FMi)
\col@sep=\dimen139
\ar@mcellbox=\box51
\extrarowheight=\dimen140
\NC@list=\toks18
\extratabsurround=\skip49
\backup@length=\skip50
\ar@cellbox=\box52
)
(c:/texlive/2022/texmf-dist/tex/latex/graphics/color.sty
Package: color 2022/01/06 v1.3d Standard LaTeX Color (DPC)

(c:/texlive/2022/texmf-dist/tex/latex/graphics-cfg/color.cfg
File: color.cfg 2016/01/02 v1.6 sample color configuration
)
Package color Info: Driver file: pdftex.def on input line 149.

(c:/texlive/2022/texmf-dist/tex/latex/graphics-def/pdftex.def
File: pdftex.def 2022/09/22 v1.2b Graphics/color driver for pdftex
\stockwidth=\dimen141
\stockheight=\dimen142
)
(c:/texlive/2022/texmf-dist/tex/latex/graphics/mathcolor.ltx))
\everycr=\toks19
\minrowclearance=\skip51
\rownum=\count194
)
(c:/texlive/2022/texmf-dist/tex/latex/float/float.sty
Package: float 2001/11/08 v1.3d Float enhancements (AL)
\c@float@type=\count195
\float@exts=\toks20
\float@box=\box53
\@float@everytoks=\toks21
\@floatcapt=\box54
)
(c:/texlive/2022/texmf-dist/tex/latex/multirow/multirow.sty
Package: multirow 2021/03/15 v2.8 Span multiple rows of a table
\multirow@colwidth=\skip52
\multirow@cntb=\count196
\multirow@dima=\skip53
\bigstrutjot=\dimen143
)
(c:/texlive/2022/texmf-dist/tex/latex/amsmath/amsmath.sty
Package: amsmath 2022/04/08 v2.17n AMS math features
\@mathmargin=\skip54

For additional information on amsmath, use the `?' option.
(c:/texlive/2022/texmf-dist/tex/latex/amsmath/amstext.sty
Package: amstext 2021/08/26 v2.01 AMS text

(c:/texlive/2022/texmf-dist/tex/latex/amsmath/amsgen.sty
File: amsgen.sty 1999/11/30 v2.0 generic functions
\@emptytoks=\toks22
\ex@=\dimen144
))
(c:/texlive/2022/texmf-dist/tex/latex/amsmath/amsbsy.sty
Package: amsbsy 1999/11/29 v1.2d Bold Symbols
\pmbraise@=\dimen145
)
(c:/texlive/2022/texmf-dist/tex/latex/amsmath/amsopn.sty
Package: amsopn 2022/04/08 v2.04 operator names
)
\inf@bad=\count197
LaTeX Info: Redefining \frac on input line 234.
\uproot@=\count198
\leftroot@=\count199
LaTeX Info: Redefining \overline on input line 399.
LaTeX Info: Redefining \colon on input line 410.
\classnum@=\count266
\DOTSCASE@=\count267
LaTeX Info: Redefining \ldots on input line 496.
LaTeX Info: Redefining \dots on input line 499.
LaTeX Info: Redefining \cdots on input line 620.
\Mathstrutbox@=\box55
\strutbox@=\box56
LaTeX Info: Redefining \big on input line 722.
LaTeX Info: Redefining \Big on input line 723.
LaTeX Info: Redefining \bigg on input line 724.
LaTeX Info: Redefining \Bigg on input line 725.
\big@size=\dimen146
LaTeX Font Info:    Redeclaring font encoding OML on input line 743.
LaTeX Font Info:    Redeclaring font encoding OMS on input line 744.
\macc@depth=\count268
LaTeX Info: Redefining \bmod on input line 905.
LaTeX Info: Redefining \pmod on input line 910.
LaTeX Info: Redefining \smash on input line 940.
LaTeX Info: Redefining \relbar on input line 970.
LaTeX Info: Redefining \Relbar on input line 971.
\c@MaxMatrixCols=\count269
\dotsspace@=\muskip16
\c@parentequation=\count270
\dspbrk@lvl=\count271
\tag@help=\toks23
\row@=\count272
\column@=\count273
\maxfields@=\count274
\andhelp@=\toks24
\eqnshift@=\dimen147
\alignsep@=\dimen148
\tagshift@=\dimen149
\tagwidth@=\dimen150
\totwidth@=\dimen151
\lineht@=\dimen152
\@envbody=\toks25
\multlinegap=\skip55
\multlinetaggap=\skip56
\mathdisplay@stack=\toks26
LaTeX Info: Redefining \[ on input line 2953.
LaTeX Info: Redefining \] on input line 2954.
)
(c:/texlive/2022/texmf-dist/tex/latex/amscls/amsthm.sty
Package: amsthm 2020/05/29 v2.20.6
\thm@style=\toks27
\thm@bodyfont=\toks28
\thm@headfont=\toks29
\thm@notefont=\toks30
\thm@headpunct=\toks31
\thm@preskip=\skip57
\thm@postskip=\skip58
\thm@headsep=\skip59
\dth@everypar=\toks32
)
(c:/texlive/2022/texmf-dist/tex/latex/amsfonts/amssymb.sty
Package: amssymb 2013/01/14 v3.01 AMS font symbols

(c:/texlive/2022/texmf-dist/tex/latex/amsfonts/amsfonts.sty
Package: amsfonts 2013/01/14 v3.01 Basic AMSFonts support
\symAMSa=\mathgroup4
\symAMSb=\mathgroup5
LaTeX Font Info:    Redeclaring math symbol \hbar on input line 98.
LaTeX Font Info:    Overwriting math alphabet `\mathfrak' in version `bold'
(Font)                  U/euf/m/n --> U/euf/b/n on input line 106.
))
(c:/texlive/2022/texmf-dist/tex/latex/graphics/graphicx.sty
Package: graphicx 2021/09/16 v1.2d Enhanced LaTeX Graphics (DPC,SPQR)

(c:/texlive/2022/texmf-dist/tex/latex/graphics/keyval.sty
Package: keyval 2022/05/29 v1.15 key=value parser (DPC)
\KV@toks@=\toks33
)
(c:/texlive/2022/texmf-dist/tex/latex/graphics/graphics.sty
Package: graphics 2022/03/10 v1.4e Standard LaTeX Graphics (DPC,SPQR)

(c:/texlive/2022/texmf-dist/tex/latex/graphics/trig.sty
Package: trig 2021/08/11 v1.11 sin cos tan (DPC)
)
(c:/texlive/2022/texmf-dist/tex/latex/graphics-cfg/graphics.cfg
File: graphics.cfg 2016/06/04 v1.11 sample graphics configuration
)
Package graphics Info: Driver file: pdftex.def on input line 107.
)
\Gin@req@height=\dimen153
\Gin@req@width=\dimen154
)
(c:/texlive/2022/texmf-dist/tex/latex/graphics/rotating.sty
Package: rotating 2016/08/11 v2.16d rotated objects in LaTeX

(c:/texlive/2022/texmf-dist/tex/latex/base/ifthen.sty
Package: ifthen 2022/04/13 v1.1d Standard LaTeX ifthen package (DPC)
)
\c@r@tfl@t=\count275
\rotFPtop=\skip60
\rotFPbot=\skip61
\rot@float@box=\box57
\rot@mess@toks=\toks34
) (./preamble.tex
(c:/texlive/2022/texmf-dist/tex/latex/geometry/geometry.sty
Package: geometry 2020/01/02 v5.9 Page Geometry

(c:/texlive/2022/texmf-dist/tex/generic/iftex/ifvtex.sty
Package: ifvtex 2019/10/25 v1.7 ifvtex legacy package. Use iftex instead.

(c:/texlive/2022/texmf-dist/tex/generic/iftex/iftex.sty
Package: iftex 2022/02/03 v1.0f TeX engine tests
))
\Gm@cnth=\count276
\Gm@cntv=\count277
\c@Gm@tempcnt=\count278
\Gm@bindingoffset=\dimen155
\Gm@wd@mp=\dimen156
\Gm@odd@mp=\dimen157
\Gm@even@mp=\dimen158
\Gm@layoutwidth=\dimen159
\Gm@layoutheight=\dimen160
\Gm@layouthoffset=\dimen161
\Gm@layoutvoffset=\dimen162
\Gm@dimlist=\toks35
)
(c:/texlive/2022/texmf-dist/tex/latex/algorithm2e/algorithm2e.sty
Package: algorithm2e 2017/07/18 v5.2 algorithms environments
\c@AlgoLine=\count279
\algocf@hangindent=\skip62

(c:/texlive/2022/texmf-dist/tex/latex/ifoddpage/ifoddpage.sty
Package: ifoddpage 2022/10/18 v1.2 Conditionals for odd/even page detection
\c@checkoddpage=\count280
)
(c:/texlive/2022/texmf-dist/tex/latex/tools/xspace.sty
Package: xspace 2014/10/28 v1.13 Space after command names (DPC,MH)
)
\skiptotal=\skip63
\skiplinenumber=\skip64
\skiprule=\skip65
\skiphlne=\skip66
\skiptext=\skip67
\skiplength=\skip68
\algomargin=\skip69
\skipalgocfslide=\skip70
\algowidth=\dimen163
\inoutsize=\dimen164
\inoutindent=\dimen165
\interspacetitleruled=\dimen166
\interspacealgoruled=\dimen167
\interspacetitleboxruled=\dimen168
\algocf@ruledwidth=\skip71
\algocf@inoutbox=\box58
\algocf@inputbox=\box59
\AlCapSkip=\skip72
\AlCapHSkip=\skip73
\algoskipindent=\skip74
\algocf@nlbox=\box60
\algocf@hangingbox=\box61
\algocf@untilbox=\box62
\algocf@skipuntil=\skip75
\algocf@capbox=\box63
\algocf@lcaptionbox=\skip76
\algoheightruledefault=\skip77
\algoheightrule=\skip78
\algotitleheightruledefault=\skip79
\algotitleheightrule=\skip80
\c@algocfline=\count281
\c@algocfproc=\count282
\c@algocf=\count283
\algocf@algoframe=\box64
\algocf@algobox=\box65
)
(./preamble_theorem.tex
\c@thm=\count284
) (./preamble_header.tex
(c:/texlive/2022/texmf-dist/tex/latex/titlesec/titlesec.sty
Package: titlesec 2021/07/05 v2.14 Sectioning titles
\ttl@box=\box66
\beforetitleunit=\skip81
\aftertitleunit=\skip82
\ttl@plus=\dimen169
\ttl@minus=\dimen170
\ttl@toksa=\toks36
\titlewidth=\dimen171
\titlewidthlast=\dimen172
\titlewidthfirst=\dimen173
)
(c:/texlive/2022/texmf-dist/tex/latex/fancyhdr/fancyhdr.sty
Package: fancyhdr 2022/05/18 v4.0.3 Extensive control of page headers and foote
rs
\f@nch@headwidth=\skip83
\f@nch@O@elh=\skip84
\f@nch@O@erh=\skip85
\f@nch@O@olh=\skip86
\f@nch@O@orh=\skip87
\f@nch@O@elf=\skip88
\f@nch@O@erf=\skip89
\f@nch@O@olf=\skip90
\f@nch@O@orf=\skip91
)
(c:/texlive/2022/texmf-dist/tex/latex/base/fix-cm.sty
Package: fix-cm 2020/11/24 v1.1t fixes to LaTeX

(c:/texlive/2022/texmf-dist/tex/latex/base/ts1enc.def
File: ts1enc.def 2001/06/05 v3.0e (jk/car/fm) Standard LaTeX file
LaTeX Font Info:    Redeclaring font encoding TS1 on input line 47.
))

Package fancyhdr Warning: \fancyhead's `E' option without twoside option is use
less on input line 30.


Package fancyhdr Warning: \fancyhead's `E' option without twoside option is use
less on input line 32.

) (./preamble_tikz.tex
(c:/texlive/2022/texmf-dist/tex/latex/pgf/frontendlayer/tikz.sty
(c:/texlive/2022/texmf-dist/tex/latex/pgf/basiclayer/pgf.sty
(c:/texlive/2022/texmf-dist/tex/latex/pgf/utilities/pgfrcs.sty
(c:/texlive/2022/texmf-dist/tex/generic/pgf/utilities/pgfutil-common.tex
\pgfutil@everybye=\toks37
\pgfutil@tempdima=\dimen174
\pgfutil@tempdimb=\dimen175

(c:/texlive/2022/texmf-dist/tex/generic/pgf/utilities/pgfutil-common-lists.tex)
) (c:/texlive/2022/texmf-dist/tex/generic/pgf/utilities/pgfutil-latex.def
\pgfutil@abb=\box67
)
(c:/texlive/2022/texmf-dist/tex/generic/pgf/utilities/pgfrcs.code.tex
(c:/texlive/2022/texmf-dist/tex/generic/pgf/pgf.revision.tex)
Package: pgfrcs 2021/05/15 v3.1.9a (3.1.9a)
))
Package: pgf 2021/05/15 v3.1.9a (3.1.9a)

(c:/texlive/2022/texmf-dist/tex/latex/pgf/basiclayer/pgfcore.sty
(c:/texlive/2022/texmf-dist/tex/latex/pgf/systemlayer/pgfsys.sty
(c:/texlive/2022/texmf-dist/tex/generic/pgf/systemlayer/pgfsys.code.tex
Package: pgfsys 2021/05/15 v3.1.9a (3.1.9a)

(c:/texlive/2022/texmf-dist/tex/generic/pgf/utilities/pgfkeys.code.tex
\pgfkeys@pathtoks=\toks38
\pgfkeys@temptoks=\toks39

(c:/texlive/2022/texmf-dist/tex/generic/pgf/utilities/pgfkeysfiltered.code.tex
\pgfkeys@tmptoks=\toks40
))
\pgf@x=\dimen176
\pgf@y=\dimen177
\pgf@xa=\dimen178
\pgf@ya=\dimen179
\pgf@xb=\dimen180
\pgf@yb=\dimen181
\pgf@xc=\dimen182
\pgf@yc=\dimen183
\pgf@xd=\dimen184
\pgf@yd=\dimen185
\w@pgf@writea=\write3
\r@pgf@reada=\read2
\c@pgf@counta=\count285
\c@pgf@countb=\count286
\c@pgf@countc=\count287
\c@pgf@countd=\count288
\t@pgf@toka=\toks41
\t@pgf@tokb=\toks42
\t@pgf@tokc=\toks43
\pgf@sys@id@count=\count289
 (c:/texlive/2022/texmf-dist/tex/generic/pgf/systemlayer/pgf.cfg
File: pgf.cfg 2021/05/15 v3.1.9a (3.1.9a)
)
Driver file for pgf: pgfsys-pdftex.def

(c:/texlive/2022/texmf-dist/tex/generic/pgf/systemlayer/pgfsys-pdftex.def
File: pgfsys-pdftex.def 2021/05/15 v3.1.9a (3.1.9a)

(c:/texlive/2022/texmf-dist/tex/generic/pgf/systemlayer/pgfsys-common-pdf.def
File: pgfsys-common-pdf.def 2021/05/15 v3.1.9a (3.1.9a)
)))
(c:/texlive/2022/texmf-dist/tex/generic/pgf/systemlayer/pgfsyssoftpath.code.tex
File: pgfsyssoftpath.code.tex 2021/05/15 v3.1.9a (3.1.9a)
\pgfsyssoftpath@smallbuffer@items=\count290
\pgfsyssoftpath@bigbuffer@items=\count291
)
(c:/texlive/2022/texmf-dist/tex/generic/pgf/systemlayer/pgfsysprotocol.code.tex
File: pgfsysprotocol.code.tex 2021/05/15 v3.1.9a (3.1.9a)
)) (c:/texlive/2022/texmf-dist/tex/latex/xcolor/xcolor.sty
Package: xcolor 2022/06/12 v2.14 LaTeX color extensions (UK)

(c:/texlive/2022/texmf-dist/tex/latex/graphics-cfg/color.cfg
File: color.cfg 2016/01/02 v1.6 sample color configuration
)
Package xcolor Info: Driver file: pdftex.def on input line 227.
LaTeX Info: Redefining \color on input line 711.

(c:/texlive/2022/texmf-dist/tex/latex/graphics/mathcolor.ltx)
Package xcolor Info: Model `cmy' substituted by `cmy0' on input line 1353.
Package xcolor Info: Model `hsb' substituted by `rgb' on input line 1357.
Package xcolor Info: Model `RGB' extended on input line 1369.
Package xcolor Info: Model `HTML' substituted by `rgb' on input line 1371.
Package xcolor Info: Model `Hsb' substituted by `hsb' on input line 1372.
Package xcolor Info: Model `tHsb' substituted by `hsb' on input line 1373.
Package xcolor Info: Model `HSB' substituted by `hsb' on input line 1374.
Package xcolor Info: Model `Gray' substituted by `gray' on input line 1375.
Package xcolor Info: Model `wave' substituted by `hsb' on input line 1376.
)
(c:/texlive/2022/texmf-dist/tex/generic/pgf/basiclayer/pgfcore.code.tex
Package: pgfcore 2021/05/15 v3.1.9a (3.1.9a)

(c:/texlive/2022/texmf-dist/tex/generic/pgf/math/pgfmath.code.tex
(c:/texlive/2022/texmf-dist/tex/generic/pgf/math/pgfmathcalc.code.tex
(c:/texlive/2022/texmf-dist/tex/generic/pgf/math/pgfmathutil.code.tex)
(c:/texlive/2022/texmf-dist/tex/generic/pgf/math/pgfmathparser.code.tex
\pgfmath@dimen=\dimen186
\pgfmath@count=\count292
\pgfmath@box=\box68
\pgfmath@toks=\toks44
\pgfmath@stack@operand=\toks45
\pgfmath@stack@operation=\toks46
)
(c:/texlive/2022/texmf-dist/tex/generic/pgf/math/pgfmathfunctions.code.tex
(c:/texlive/2022/texmf-dist/tex/generic/pgf/math/pgfmathfunctions.basic.code.te
x)
(c:/texlive/2022/texmf-dist/tex/generic/pgf/math/pgfmathfunctions.trigonometric
.code.tex)
(c:/texlive/2022/texmf-dist/tex/generic/pgf/math/pgfmathfunctions.random.code.t
ex)
(c:/texlive/2022/texmf-dist/tex/generic/pgf/math/pgfmathfunctions.comparison.co
de.tex)
(c:/texlive/2022/texmf-dist/tex/generic/pgf/math/pgfmathfunctions.base.code.tex
)
(c:/texlive/2022/texmf-dist/tex/generic/pgf/math/pgfmathfunctions.round.code.te
x)
(c:/texlive/2022/texmf-dist/tex/generic/pgf/math/pgfmathfunctions.misc.code.tex
)
(c:/texlive/2022/texmf-dist/tex/generic/pgf/math/pgfmathfunctions.integerarithm
etics.code.tex)))
(c:/texlive/2022/texmf-dist/tex/generic/pgf/math/pgfmathfloat.code.tex
\c@pgfmathroundto@lastzeros=\count293
))
(c:/texlive/2022/texmf-dist/tex/generic/pgf/math/pgfint.code.tex)
(c:/texlive/2022/texmf-dist/tex/generic/pgf/basiclayer/pgfcorepoints.code.tex
File: pgfcorepoints.code.tex 2021/05/15 v3.1.9a (3.1.9a)
\pgf@picminx=\dimen187
\pgf@picmaxx=\dimen188
\pgf@picminy=\dimen189
\pgf@picmaxy=\dimen190
\pgf@pathminx=\dimen191
\pgf@pathmaxx=\dimen192
\pgf@pathminy=\dimen193
\pgf@pathmaxy=\dimen194
\pgf@xx=\dimen195
\pgf@xy=\dimen196
\pgf@yx=\dimen197
\pgf@yy=\dimen198
\pgf@zx=\dimen199
\pgf@zy=\dimen256
)
(c:/texlive/2022/texmf-dist/tex/generic/pgf/basiclayer/pgfcorepathconstruct.cod
e.tex
File: pgfcorepathconstruct.code.tex 2021/05/15 v3.1.9a (3.1.9a)
\pgf@path@lastx=\dimen257
\pgf@path@lasty=\dimen258
)
(c:/texlive/2022/texmf-dist/tex/generic/pgf/basiclayer/pgfcorepathusage.code.te
x
File: pgfcorepathusage.code.tex 2021/05/15 v3.1.9a (3.1.9a)
\pgf@shorten@end@additional=\dimen259
\pgf@shorten@start@additional=\dimen260
)
(c:/texlive/2022/texmf-dist/tex/generic/pgf/basiclayer/pgfcorescopes.code.tex
File: pgfcorescopes.code.tex 2021/05/15 v3.1.9a (3.1.9a)
\pgfpic=\box69
\pgf@hbox=\box70
\pgf@layerbox@main=\box71
\pgf@picture@serial@count=\count294
)
(c:/texlive/2022/texmf-dist/tex/generic/pgf/basiclayer/pgfcoregraphicstate.code
.tex
File: pgfcoregraphicstate.code.tex 2021/05/15 v3.1.9a (3.1.9a)
\pgflinewidth=\dimen261
)
(c:/texlive/2022/texmf-dist/tex/generic/pgf/basiclayer/pgfcoretransformations.c
ode.tex
File: pgfcoretransformations.code.tex 2021/05/15 v3.1.9a (3.1.9a)
\pgf@pt@x=\dimen262
\pgf@pt@y=\dimen263
\pgf@pt@temp=\dimen264
)
(c:/texlive/2022/texmf-dist/tex/generic/pgf/basiclayer/pgfcorequick.code.tex
File: pgfcorequick.code.tex 2021/05/15 v3.1.9a (3.1.9a)
)
(c:/texlive/2022/texmf-dist/tex/generic/pgf/basiclayer/pgfcoreobjects.code.tex
File: pgfcoreobjects.code.tex 2021/05/15 v3.1.9a (3.1.9a)
)
(c:/texlive/2022/texmf-dist/tex/generic/pgf/basiclayer/pgfcorepathprocessing.co
de.tex
File: pgfcorepathprocessing.code.tex 2021/05/15 v3.1.9a (3.1.9a)
)
(c:/texlive/2022/texmf-dist/tex/generic/pgf/basiclayer/pgfcorearrows.code.tex
File: pgfcorearrows.code.tex 2021/05/15 v3.1.9a (3.1.9a)
\pgfarrowsep=\dimen265
)
(c:/texlive/2022/texmf-dist/tex/generic/pgf/basiclayer/pgfcoreshade.code.tex
File: pgfcoreshade.code.tex 2021/05/15 v3.1.9a (3.1.9a)
\pgf@max=\dimen266
\pgf@sys@shading@range@num=\count295
\pgf@shadingcount=\count296
)
(c:/texlive/2022/texmf-dist/tex/generic/pgf/basiclayer/pgfcoreimage.code.tex
File: pgfcoreimage.code.tex 2021/05/15 v3.1.9a (3.1.9a)

(c:/texlive/2022/texmf-dist/tex/generic/pgf/basiclayer/pgfcoreexternal.code.tex
File: pgfcoreexternal.code.tex 2021/05/15 v3.1.9a (3.1.9a)
\pgfexternal@startupbox=\box72
))
(c:/texlive/2022/texmf-dist/tex/generic/pgf/basiclayer/pgfcorelayers.code.tex
File: pgfcorelayers.code.tex 2021/05/15 v3.1.9a (3.1.9a)
)
(c:/texlive/2022/texmf-dist/tex/generic/pgf/basiclayer/pgfcoretransparency.code
.tex
File: pgfcoretransparency.code.tex 2021/05/15 v3.1.9a (3.1.9a)
)
(c:/texlive/2022/texmf-dist/tex/generic/pgf/basiclayer/pgfcorepatterns.code.tex
File: pgfcorepatterns.code.tex 2021/05/15 v3.1.9a (3.1.9a)
) (c:/texlive/2022/texmf-dist/tex/generic/pgf/basiclayer/pgfcorerdf.code.tex
File: pgfcorerdf.code.tex 2021/05/15 v3.1.9a (3.1.9a)
))) (c:/texlive/2022/texmf-dist/tex/generic/pgf/modules/pgfmoduleshapes.code.te
x
File: pgfmoduleshapes.code.tex 2021/05/15 v3.1.9a (3.1.9a)
\pgfnodeparttextbox=\box73
)
(c:/texlive/2022/texmf-dist/tex/generic/pgf/modules/pgfmoduleplot.code.tex
File: pgfmoduleplot.code.tex 2021/05/15 v3.1.9a (3.1.9a)
)
(c:/texlive/2022/texmf-dist/tex/latex/pgf/compatibility/pgfcomp-version-0-65.st
y
Package: pgfcomp-version-0-65 2021/05/15 v3.1.9a (3.1.9a)
\pgf@nodesepstart=\dimen267
\pgf@nodesepend=\dimen268
)
(c:/texlive/2022/texmf-dist/tex/latex/pgf/compatibility/pgfcomp-version-1-18.st
y
Package: pgfcomp-version-1-18 2021/05/15 v3.1.9a (3.1.9a)
)) (c:/texlive/2022/texmf-dist/tex/latex/pgf/utilities/pgffor.sty
(c:/texlive/2022/texmf-dist/tex/latex/pgf/utilities/pgfkeys.sty
(c:/texlive/2022/texmf-dist/tex/generic/pgf/utilities/pgfkeys.code.tex))
(c:/texlive/2022/texmf-dist/tex/latex/pgf/math/pgfmath.sty
(c:/texlive/2022/texmf-dist/tex/generic/pgf/math/pgfmath.code.tex))
(c:/texlive/2022/texmf-dist/tex/generic/pgf/utilities/pgffor.code.tex
Package: pgffor 2021/05/15 v3.1.9a (3.1.9a)

(c:/texlive/2022/texmf-dist/tex/generic/pgf/math/pgfmath.code.tex)
\pgffor@iter=\dimen269
\pgffor@skip=\dimen270
\pgffor@stack=\toks47
\pgffor@toks=\toks48
))
(c:/texlive/2022/texmf-dist/tex/generic/pgf/frontendlayer/tikz/tikz.code.tex
Package: tikz 2021/05/15 v3.1.9a (3.1.9a)

(c:/texlive/2022/texmf-dist/tex/generic/pgf/libraries/pgflibraryplothandlers.co
de.tex
File: pgflibraryplothandlers.code.tex 2021/05/15 v3.1.9a (3.1.9a)
\pgf@plot@mark@count=\count297
\pgfplotmarksize=\dimen271
)
\tikz@lastx=\dimen272
\tikz@lasty=\dimen273
\tikz@lastxsaved=\dimen274
\tikz@lastysaved=\dimen275
\tikz@lastmovetox=\dimen276
\tikz@lastmovetoy=\dimen277
\tikzleveldistance=\dimen278
\tikzsiblingdistance=\dimen279
\tikz@figbox=\box74
\tikz@figbox@bg=\box75
\tikz@tempbox=\box76
\tikz@tempbox@bg=\box77
\tikztreelevel=\count298
\tikznumberofchildren=\count299
\tikznumberofcurrentchild=\count300
\tikz@fig@count=\count301

(c:/texlive/2022/texmf-dist/tex/generic/pgf/modules/pgfmodulematrix.code.tex
File: pgfmodulematrix.code.tex 2021/05/15 v3.1.9a (3.1.9a)
\pgfmatrixcurrentrow=\count302
\pgfmatrixcurrentcolumn=\count303
\pgf@matrix@numberofcolumns=\count304
)
\tikz@expandcount=\count305

(c:/texlive/2022/texmf-dist/tex/generic/pgf/frontendlayer/tikz/libraries/tikzli
brarytopaths.code.tex
File: tikzlibrarytopaths.code.tex 2021/05/15 v3.1.9a (3.1.9a)
)))
(c:/texlive/2022/texmf-dist/tex/latex/environ/environ.sty
Package: environ 2014/05/04 v0.3 A new way to define environments

(c:/texlive/2022/texmf-dist/tex/latex/trimspaces/trimspaces.sty
Package: trimspaces 2009/09/17 v1.1 Trim spaces around a token list
))
\measure@tikzpicture=\box78

(c:/texlive/2022/texmf-dist/tex/generic/pgf/frontendlayer/tikz/libraries/tikzli
braryarrows.code.tex
File: tikzlibraryarrows.code.tex 2021/05/15 v3.1.9a (3.1.9a)

(c:/texlive/2022/texmf-dist/tex/generic/pgf/libraries/pgflibraryarrows.code.tex
File: pgflibraryarrows.code.tex 2021/05/15 v3.1.9a (3.1.9a)
\arrowsize=\dimen280
))
(c:/texlive/2022/texmf-dist/tex/generic/pgf/frontendlayer/tikz/libraries/tikzli
braryintersections.code.tex
(c:/texlive/2022/texmf-dist/tex/generic/pgf/libraries/pgflibraryintersections.c
ode.tex
(c:/texlive/2022/texmf-dist/tex/generic/pgf/libraries/pgflibraryfpu.code.tex)
\pgf@intersect@solutions=\count306
))
(c:/texlive/2022/texmf-dist/tex/generic/pgf/frontendlayer/tikz/libraries/tikzli
braryshapes.misc.code.tex
File: tikzlibraryshapes.misc.code.tex 2021/05/15 v3.1.9a (3.1.9a)

(c:/texlive/2022/texmf-dist/tex/generic/pgf/libraries/shapes/pgflibraryshapes.m
isc.code.tex
File: pgflibraryshapes.misc.code.tex 2021/05/15 v3.1.9a (3.1.9a)
)))) (c:/texlive/2022/texmf-dist/tex/latex/url/url.sty
\Urlmuskip=\muskip17
Package: url 2013/09/16  ver 3.4  Verb mode for urls, etc.
)
(c:/texlive/2022/texmf-dist/tex/latex/xargs/xargs.sty
Package: xargs 2008/03/22 v1.1  extended macro definitions  (mpg)

(c:/texlive/2022/texmf-dist/tex/latex/xkeyval/xkeyval.sty
Package: xkeyval 2022/06/16 v2.9 package option processing (HA)

(c:/texlive/2022/texmf-dist/tex/generic/xkeyval/xkeyval.tex
(c:/texlive/2022/texmf-dist/tex/generic/xkeyval/xkvutils.tex
\XKV@toks=\toks49
\XKV@tempa@toks=\toks50
)
\XKV@depth=\count307
File: xkeyval.tex 2014/12/03 v2.7a key=value parser (HA)
))
\xargs@max=\count308
\xargs@toksa=\toks51
\xargs@toksb=\toks52
)
(c:/texlive/2022/texmf-dist/tex/latex/todonotes/todonotes.sty
Package: todonotes 2021/06/04 v1.1.5 Todonotes source and documentation.
Package: todonotes 2021/06/04

(c:/texlive/2022/texmf-dist/tex/generic/pgf/frontendlayer/tikz/libraries/tikzli
brarypositioning.code.tex
File: tikzlibrarypositioning.code.tex 2021/05/15 v3.1.9a (3.1.9a)
) (c:/texlive/2022/texmf-dist/tex/latex/tools/calc.sty
Package: calc 2017/05/25 v4.3 Infix arithmetic (KKT,FJ)
\calc@Acount=\count309
\calc@Bcount=\count310
\calc@Adimen=\dimen281
\calc@Bdimen=\dimen282
\calc@Askip=\skip92
\calc@Bskip=\skip93
LaTeX Info: Redefining \setlength on input line 80.
LaTeX Info: Redefining \addtolength on input line 81.
\calc@Ccount=\count311
\calc@Cskip=\skip94
)
\c@@todonotes@numberoftodonotes=\count312
) (c:/texlive/2022/texmf-dist/tex/latex/caption/caption.sty
Package: caption 2022/03/01 v3.6b Customizing captions (AR)

(c:/texlive/2022/texmf-dist/tex/latex/caption/caption3.sty
Package: caption3 2022/03/17 v2.3b caption3 kernel (AR)
\caption@tempdima=\dimen283
\captionmargin=\dimen284
\caption@leftmargin=\dimen285
\caption@rightmargin=\dimen286
\caption@width=\dimen287
\caption@indent=\dimen288
\caption@parindent=\dimen289
\caption@hangindent=\dimen290
Package caption Info: Standard document class detected.
)
\c@caption@flags=\count313
\c@continuedfloat=\count314
Package caption Info: float package is loaded.
Package caption Info: rotating package is loaded.
)
(c:/texlive/2022/texmf-dist/tex/latex/enumitem/enumitem.sty
Package: enumitem 2019/06/20 v3.9 Customized lists
\labelindent=\skip95
\enit@outerparindent=\dimen291
\enit@toks=\toks53
\enit@inbox=\box79
\enit@count@id=\count315
\enitdp@description=\count316
)
(c:/texlive/2022/texmf-dist/tex/latex/footmisc/footmisc.sty
Package: footmisc 2022/03/08 v6.0d a miscellany of footnote facilities
\FN@temptoken=\toks54
\footnotemargin=\dimen292
\@outputbox@depth=\dimen293
Package footmisc Info: Declaring symbol style bringhurst on input line 695.
Package footmisc Info: Declaring symbol style chicago on input line 703.
Package footmisc Info: Declaring symbol style wiley on input line 712.
Package footmisc Info: Declaring symbol style lamport-robust on input line 723.

Package footmisc Info: Declaring symbol style lamport* on input line 743.
Package footmisc Info: Declaring symbol style lamport*-robust on input line 764
.
)
(c:/texlive/2022/texmf-dist/tex/latex/hyperref/hyperref.sty
Package: hyperref 2022-09-22 v7.00t Hypertext links for LaTeX

(c:/texlive/2022/texmf-dist/tex/generic/ltxcmds/ltxcmds.sty
Package: ltxcmds 2020-05-10 v1.25 LaTeX kernel commands for general use (HO)
)
(c:/texlive/2022/texmf-dist/tex/generic/pdftexcmds/pdftexcmds.sty
Package: pdftexcmds 2020-06-27 v0.33 Utility functions of pdfTeX for LuaTeX (HO
)

(c:/texlive/2022/texmf-dist/tex/generic/infwarerr/infwarerr.sty
Package: infwarerr 2019/12/03 v1.5 Providing info/warning/error messages (HO)
)
Package pdftexcmds Info: \pdf@primitive is available.
Package pdftexcmds Info: \pdf@ifprimitive is available.
Package pdftexcmds Info: \pdfdraftmode found.
)
(c:/texlive/2022/texmf-dist/tex/latex/kvsetkeys/kvsetkeys.sty
Package: kvsetkeys 2022-10-05 v1.19 Key value parser (HO)
)
(c:/texlive/2022/texmf-dist/tex/generic/kvdefinekeys/kvdefinekeys.sty
Package: kvdefinekeys 2019-12-19 v1.6 Define keys (HO)
)
(c:/texlive/2022/texmf-dist/tex/generic/pdfescape/pdfescape.sty
Package: pdfescape 2019/12/09 v1.15 Implements pdfTeX's escape features (HO)
)
(c:/texlive/2022/texmf-dist/tex/latex/hycolor/hycolor.sty
Package: hycolor 2020-01-27 v1.10 Color options for hyperref/bookmark (HO)
)
(c:/texlive/2022/texmf-dist/tex/latex/letltxmacro/letltxmacro.sty
Package: letltxmacro 2019/12/03 v1.6 Let assignment for LaTeX macros (HO)
)
(c:/texlive/2022/texmf-dist/tex/latex/auxhook/auxhook.sty
Package: auxhook 2019-12-17 v1.6 Hooks for auxiliary files (HO)
)
(c:/texlive/2022/texmf-dist/tex/latex/hyperref/nameref.sty
Package: nameref 2022-05-17 v2.50 Cross-referencing by name of section

(c:/texlive/2022/texmf-dist/tex/latex/refcount/refcount.sty
Package: refcount 2019/12/15 v3.6 Data extraction from label references (HO)
)
(c:/texlive/2022/texmf-dist/tex/generic/gettitlestring/gettitlestring.sty
Package: gettitlestring 2019/12/15 v1.6 Cleanup title references (HO)

(c:/texlive/2022/texmf-dist/tex/latex/kvoptions/kvoptions.sty
Package: kvoptions 2022-06-15 v3.15 Key value format for package options (HO)
))
\c@section@level=\count317
)
\@linkdim=\dimen294
\Hy@linkcounter=\count318
\Hy@pagecounter=\count319

(c:/texlive/2022/texmf-dist/tex/latex/hyperref/pd1enc.def
File: pd1enc.def 2022-09-22 v7.00t Hyperref: PDFDocEncoding definition (HO)
Now handling font encoding PD1 ...
... no UTF-8 mapping file for font encoding PD1
)
(c:/texlive/2022/texmf-dist/tex/generic/intcalc/intcalc.sty
Package: intcalc 2019/12/15 v1.3 Expandable calculations with integers (HO)
)
(c:/texlive/2022/texmf-dist/tex/generic/etexcmds/etexcmds.sty
Package: etexcmds 2019/12/15 v1.7 Avoid name clashes with e-TeX commands (HO)
)
\Hy@SavedSpaceFactor=\count320

(c:/texlive/2022/texmf-dist/tex/latex/hyperref/puenc.def
File: puenc.def 2022-09-22 v7.00t Hyperref: PDF Unicode definition (HO)
Now handling font encoding PU ...
... no UTF-8 mapping file for font encoding PU
)
Package hyperref Info: Hyper figures OFF on input line 4162.
Package hyperref Info: Link nesting OFF on input line 4167.
Package hyperref Info: Hyper index ON on input line 4170.
Package hyperref Info: Plain pages OFF on input line 4177.
Package hyperref Info: Backreferencing OFF on input line 4182.
Package hyperref Info: Implicit mode ON; LaTeX internals redefined.
Package hyperref Info: Bookmarks ON on input line 4410.
\c@Hy@tempcnt=\count321
LaTeX Info: Redefining \url on input line 4748.
\XeTeXLinkMargin=\dimen295

(c:/texlive/2022/texmf-dist/tex/generic/bitset/bitset.sty
Package: bitset 2019/12/09 v1.3 Handle bit-vector datatype (HO)

(c:/texlive/2022/texmf-dist/tex/generic/bigintcalc/bigintcalc.sty
Package: bigintcalc 2019/12/15 v1.5 Expandable calculations on big integers (HO
)
))
\Fld@menulength=\count322
\Field@Width=\dimen296
\Fld@charsize=\dimen297
Package hyperref Info: Hyper figures OFF on input line 6027.
Package hyperref Info: Link nesting OFF on input line 6032.
Package hyperref Info: Hyper index ON on input line 6035.
Package hyperref Info: backreferencing OFF on input line 6042.
Package hyperref Info: Link coloring OFF on input line 6047.
Package hyperref Info: Link coloring with OCG OFF on input line 6052.
Package hyperref Info: PDF/A mode OFF on input line 6057.

(c:/texlive/2022/texmf-dist/tex/latex/base/atbegshi-ltx.sty
Package: atbegshi-ltx 2021/01/10 v1.0c Emulation of the original atbegshi
package with kernel methods
)
\Hy@abspage=\count323
\c@Item=\count324
\c@Hfootnote=\count325
)
Package hyperref Info: Driver (autodetected): hpdftex.

(c:/texlive/2022/texmf-dist/tex/latex/hyperref/hpdftex.def
File: hpdftex.def 2022-09-22 v7.00t Hyperref driver for pdfTeX

(c:/texlive/2022/texmf-dist/tex/latex/base/atveryend-ltx.sty
Package: atveryend-ltx 2020/08/19 v1.0a Emulation of the original atveryend pac
kage
with kernel methods
)
\Fld@listcount=\count326
\c@bookmark@seq@number=\count327

(c:/texlive/2022/texmf-dist/tex/latex/rerunfilecheck/rerunfilecheck.sty
Package: rerunfilecheck 2022-07-10 v1.10 Rerun checks for auxiliary files (HO)

(c:/texlive/2022/texmf-dist/tex/generic/uniquecounter/uniquecounter.sty
Package: uniquecounter 2019/12/15 v1.4 Provide unlimited unique counter (HO)
)
Package uniquecounter Info: New unique counter `rerunfilecheck' on input line 2
85.
)
\Hy@SectionHShift=\skip96
)
Package hyperref Info: Option `colorlinks' set `true' on input line 51.

(c:/texlive/2022/texmf-dist/tex/generic/babel/babel.sty
Package: babel 2022/10/23 3.82 The Babel package
\babel@savecnt=\count328
\U@D=\dimen298
\l@unhyphenated=\language87

(c:/texlive/2022/texmf-dist/tex/generic/babel/txtbabel.def)
\bbl@readstream=\read3
\bbl@dirlevel=\count329

(c:/texlive/2022/texmf-dist/tex/generic/babel-english/american.ldf
Language: american 2017/06/06 v3.3r English support from the babel system

(c:/texlive/2022/texmf-dist/tex/generic/babel-english/english.ldf
Language: english 2017/06/06 v3.3r English support from the babel system
Package babel Info: Hyphen rules for 'canadian' set to \l@english
(babel)             (\language0). Reported on input line 102.
Package babel Info: Hyphen rules for 'australian' set to \l@ukenglish
(babel)             (\language21). Reported on input line 105.
Package babel Info: Hyphen rules for 'newzealand' set to \l@ukenglish
(babel)             (\language21). Reported on input line 108.
))
(c:/texlive/2022/texmf-dist/tex/generic/babel-english/english.ldf
Language: english 2017/06/06 v3.3r English support from the babel system
))
(c:/texlive/2022/texmf-dist/tex/generic/babel/locale/en/babel-english.tex
Package babel Info: Importing font and identification data for english
(babel)             from babel-en.ini. Reported on input line 11.
)
(c:/texlive/2022/texmf-dist/tex/generic/babel/locale/en/babel-american.tex
Package babel Info: Importing font and identification data for american
(babel)             from babel-en-US.ini. Reported on input line 11.
)

Package Babel Warning: The package option `english' should not be used
(Babel)                with a more specific one (like `american') on input line
 56.

(c:/texlive/2022/texmf-dist/tex/latex/l3backend/l3backend-pdftex.def
File: l3backend-pdftex.def 2022-10-26 L3 backend support: PDF output (pdfTeX)
\l__color_backend_stack_int=\count330
\l__pdf_internal_box=\box80
)
(./main.aux)
\openout1 = `main.aux'.

LaTeX Font Info:    Checking defaults for OML/cmm/m/it on input line 56.
LaTeX Font Info:    ... okay on input line 56.
LaTeX Font Info:    Checking defaults for OMS/cmsy/m/n on input line 56.
LaTeX Font Info:    ... okay on input line 56.
LaTeX Font Info:    Checking defaults for OT1/cmr/m/n on input line 56.
LaTeX Font Info:    ... okay on input line 56.
LaTeX Font Info:    Checking defaults for T1/cmr/m/n on input line 56.
LaTeX Font Info:    ... okay on input line 56.
LaTeX Font Info:    Checking defaults for TS1/cmr/m/n on input line 56.
LaTeX Font Info:    ... okay on input line 56.
LaTeX Font Info:    Checking defaults for OMX/cmex/m/n on input line 56.
LaTeX Font Info:    ... okay on input line 56.
LaTeX Font Info:    Checking defaults for U/cmr/m/n on input line 56.
LaTeX Font Info:    ... okay on input line 56.
LaTeX Font Info:    Checking defaults for PD1/pdf/m/n on input line 56.
LaTeX Font Info:    ... okay on input line 56.
LaTeX Font Info:    Checking defaults for PU/pdf/m/n on input line 56.
LaTeX Font Info:    ... okay on input line 56.
 (c:/texlive/2022/texmf-dist/tex/context/base/mkii/supp-pdf.mkii
[Loading MPS to PDF converter (version 2006.09.02).]
\scratchcounter=\count331
\scratchdimen=\dimen299
\scratchbox=\box81
\nofMPsegments=\count332
\nofMParguments=\count333
\everyMPshowfont=\toks55
\MPscratchCnt=\count334
\MPscratchDim=\dimen300
\MPnumerator=\count335
\makeMPintoPDFobject=\count336
\everyMPtoPDFconversion=\toks56
) (c:/texlive/2022/texmf-dist/tex/latex/epstopdf-pkg/epstopdf-base.sty
Package: epstopdf-base 2020-01-24 v2.11 Base part for package epstopdf
Package epstopdf-base Info: Redefining graphics rule for `.eps' on input line 4
85.

(c:/texlive/2022/texmf-dist/tex/latex/latexconfig/epstopdf-sys.cfg
File: epstopdf-sys.cfg 2010/07/13 v1.3 Configuration of (r)epstopdf for TeX Liv
e
))
*geometry* driver: auto-detecting
*geometry* detected driver: pdftex
*geometry* verbose mode - [ preamble ] result:
* driver: pdftex
* paper: <default>
* layout: <same size as paper>
* layoutoffset:(h,v)=(0.0pt,0.0pt)
* modes: 
* h-part:(L,W,R)=(72.26999pt, 469.75502pt, 72.26999pt)
* v-part:(T,H,B)=(72.26999pt, 650.43001pt, 72.26999pt)
* \paperwidth=614.295pt
* \paperheight=794.96999pt
* \textwidth=469.75502pt
* \textheight=650.43001pt
* \oddsidemargin=0.0pt
* \evensidemargin=0.0pt
* \topmargin=-30.06749pt
* \headheight=12.0pt
* \headsep=18.06749pt
* \topskip=10.0pt
* \footskip=25.29494pt
* \marginparwidth=69.0pt
* \marginparsep=7.0pt
* \columnsep=10.0pt
* \skip\footins=9.0pt plus 4.0pt minus 2.0pt
* \hoffset=0.0pt
* \voffset=0.0pt
* \mag=1000
* \@twocolumnfalse
* \@twosidefalse
* \@mparswitchfalse
* \@reversemarginfalse
* (1in=72.27pt=25.4mm, 1cm=28.453pt)

Package caption Info: Begin \AtBeginDocument code.
Package caption Info: hyperref package is loaded.
Package caption Info: End \AtBeginDocument code.
Package hyperref Info: Link coloring ON on input line 56.
(./main.out) (./main.out)
\@outlinefile=\write4
\openout4 = `main.out'.

LaTeX Font Info:    Trying to load font information for U+msa on input line 123
.

(c:/texlive/2022/texmf-dist/tex/latex/amsfonts/umsa.fd
File: umsa.fd 2013/01/14 v3.01 AMS symbols A
)
LaTeX Font Info:    Trying to load font information for U+msb on input line 123
.

(c:/texlive/2022/texmf-dist/tex/latex/amsfonts/umsb.fd
File: umsb.fd 2013/01/14 v3.01 AMS symbols B
) [1


{c:/texlive/2022/texmf-var/fonts/map/pdftex/updmap/pdftex.map}] (./main.toc
pdfTeX warning (ext4): destination with the same identifier (name{page.1}) has 
been already used, duplicate ignored
<to be read again> 
                   \relax 
l.75 ...mberline {6}Sparsification}{94}{chapter.6}
                                                  % [1

])
\tf@toc=\write5
\openout5 = `main.toc'.

 [2]
(./preliminaries.tex [3

] [4]) (./examples.tex) [5]
Chapter 1.
(./convexity.tex [6

]
<Figures/Exercise_1.1.png, id=481, 220.78485pt x 70.64392pt>
File: Figures/Exercise_1.1.png Graphic file (type png)
<use Figures/Exercise_1.1.png>
Package pdftex.def Info: Figures/Exercise_1.1.png  used on input line 96.
(pdftex.def)             Requested size: 352.31625pt x 112.73074pt.
<Figures/Def_1.3.png, id=485, 214.82257pt x 73.89607pt>
File: Figures/Def_1.3.png Graphic file (type png)
<use Figures/Def_1.3.png>
Package pdftex.def Info: Figures/Def_1.3.png  used on input line 130.
(pdftex.def)             Requested size: 328.82707pt x 113.11697pt.


LaTeX Warning: `h' float specifier changed to `ht'.

[7 <./Figures/Exercise_1.1.png>]
<Figures/Def_1.2.png, id=499, 230.5413pt x 83.8332pt>
File: Figures/Def_1.2.png Graphic file (type png)
<use Figures/Def_1.2.png>
Package pdftex.def Info: Figures/Def_1.2.png  used on input line 154.
(pdftex.def)             Requested size: 352.31625pt x 128.1198pt.
<Figures/polyhedron_polytope.png, id=502, 590.205pt x 227.2125pt>
File: Figures/polyhedron_polytope.png Graphic file (type png)
<use Figures/polyhedron_polytope.png>
Package pdftex.def Info: Figures/polyhedron_polytope.png  used on input line 17
4.
(pdftex.def)             Requested size: 352.31625pt x 135.63513pt.


LaTeX Warning: `h' float specifier changed to `ht'.

[8 <./Figures/Def_1.3.png> <./Figures/Def_1.2.png>]
<Figures/Thrm_1.6.png, id=516, 160.25873pt x 153.75443pt>
File: Figures/Thrm_1.6.png Graphic file (type png)
<use Figures/Thrm_1.6.png>
Package pdftex.def Info: Figures/Thrm_1.6.png  used on input line 223.
(pdftex.def)             Requested size: 234.8775pt x 225.35468pt.


LaTeX Warning: `h' float specifier changed to `ht'.

<Figures/Thrm_1.20.png, id=520, 122.31697pt x 91.60222pt>
File: Figures/Thrm_1.20.png Graphic file (type png)
<use Figures/Thrm_1.20.png>
Package pdftex.def Info: Figures/Thrm_1.20.png  used on input line 269.
(pdftex.def)             Requested size: 234.8775pt x 175.9036pt.

LaTeX Warning: `h' float specifier changed to `ht'.

[9 <./Figures/polyhedron_polytope.png>] [10 <./Figures/Thrm_1.6.png>] [11 <./Fi
gures/Thrm_1.20.png>] [12]
<Figures/Def_1.14.png, id=566, 216.0873pt x 51.13103pt>
File: Figures/Def_1.14.png Graphic file (type png)
<use Figures/Def_1.14.png>
Package pdftex.def Info: Figures/Def_1.14.png  used on input line 498.
(pdftex.def)             Requested size: 352.31625pt x 83.37477pt.
 [13 <./Figures/Def_1.14.png>] [14]
<Figures/Section_1.6.png, id=600, 135.8676pt x 117.25807pt>
File: Figures/Section_1.6.png Graphic file (type png)
<use Figures/Section_1.6.png>
Package pdftex.def Info: Figures/Section_1.6.png  used on input line 678.
(pdftex.def)             Requested size: 234.8775pt x 202.71765pt.


LaTeX Warning: `h' float specifier changed to `ht'.

[15] [16 <./Figures/Section_1.6.png>]) [17] [18

]
Chapter 2.
(./gradient_descent.tex [19

] [20]
Overfull \hbox (12.55833pt too wide) in paragraph at lines 226--231
[][]\T1/cmr/bx/n/10 Theorem 2.6. []\T1/cmr/m/it/10 Let $\OML/cmm/m/it/10 f \OMS
/cmsy/m/n/10 2 C[]\OT1/cmr/m/n/10 (\U/msb/m/n/10 R[]\OT1/cmr/m/n/10 )$ \T1/cmr/
m/it/10 with $\OML/cmm/m/it/10 L$\T1/cmr/m/it/10 -Lipschitz gra-di-ent and $\OM
L/cmm/m/it/10 x[]$ \T1/cmr/m/it/10 be any min-i-mizer of $\OML/cmm/m/it/10 f$\T
1/cmr/m/it/10 . Then $[]$
 []

[21] [22] [23] [24] [25] [26] [27]) [28]
Chapter 3.
(./cutting_plane.tex [29

]
<Figures/Section_3.2.png, id=814, 344.0052pt x 95.27596pt>
File: Figures/Section_3.2.png Graphic file (type png)
<use Figures/Section_3.2.png>
Package pdftex.def Info: Figures/Section_3.2.png  used on input line 133.
(pdftex.def)             Requested size: 352.31625pt x 97.5785pt.
 [30 <./Figures/Section_3.2.png>] [31] [32] [33]
[34]
Overfull \hbox (26.67146pt too wide) in paragraph at lines 579--582
[]\T1/cmr/m/n/10 Without loss of gen-er-al-ity, we as-sume that $\OML/cmm/m/it/
10 K$ \T1/cmr/m/n/10 is in isotropic po-si-tion, i.e., $\OT1/cmr/bx/n/10 E[]\OT
1/cmr/m/n/10 (\OML/cmm/m/it/10 y[]\OT1/cmr/m/n/10 ) = 0$ \T1/cmr/m/n/10 and $\O
T1/cmr/bx/n/10 E[]\OT1/cmr/m/n/10 (\OML/cmm/m/it/10 y[]\OT1/cmr/m/n/10 (\OML/cm
m/m/it/10 y[]\OT1/cmr/m/n/10 )[]) =
 []

[35]
<Figures/Thrm_3.20.png, id=916, 400.3758pt x 271.37386pt>
File: Figures/Thrm_3.20.png Graphic file (type png)
<use Figures/Thrm_3.20.png>
Package pdftex.def Info: Figures/Thrm_3.20.png  used on input line 623.
(pdftex.def)             Requested size: 399.29463pt x 270.66095pt.


LaTeX Warning: `h' float specifier changed to `ht'.

[36]
Overfull \hbox (0.11588pt too wide) in paragraph at lines 684--687
[][]\T1/cmr/bx/n/10 Theorem 3.22. []\T1/cmr/m/it/10 Any al-go-rithm that solves
 Prob-lem [][]3.1[][] us-ing a sep-a-ra-tion or-a-cle needs to make $\OT1/cmr/m
/n/10 
(\OML/cmm/m/it/10 n []\OT1/cmr/m/n/10 (\OML/cmm/m/it/10 R=^^O\OT1/cmr/m/n/10 ))
$
 []

<Figures/Thrm_3.22.png, id=925, 200.72992pt x 189.3474pt>
File: Figures/Thrm_3.22.png Graphic file (type png)
<use Figures/Thrm_3.22.png>
Package pdftex.def Info: Figures/Thrm_3.22.png  used on input line 704.
(pdftex.def)             Requested size: 352.31625pt x 332.35388pt.

LaTeX Warning: `h' float specifier changed to `ht'.

) (./geometric_descent.tex [37 <./Figures/Thrm_3.20.png>] [38 <./Figures/Thrm_3
.22.png>] [39]
Overfull \hbox (0.91481pt too wide) in paragraph at lines 111--114
[][]\T1/cmr/bx/n/10 Lemma 3.24. []\T1/cmr/m/it/10 Let the mea-sure of progress 
$\OMS/cmsy/m/n/10 V\OT1/cmr/m/n/10 (\OML/cmm/m/it/10 Q\OT1/cmr/m/n/10 ) = [](\O
ML/cmm/m/it/10 Q\OT1/cmr/m/n/10 )$\T1/cmr/m/it/10 . Then, we have that $\OML/cm
m/m/it/10 x[] \OMS/cmsy/m/n/10 2 \OML/cmm/m/it/10 Q[]$ \T1/cmr/m/it/10 and $\OM
S/cmsy/m/n/10 V\OT1/cmr/m/n/10 (\OML/cmm/m/it/10 Q[]\OT1/cmr/m/n/10 ) \OMS/cmsy
/m/n/10 ^^T
 []

[40] [41]
Overfull \hbox (4.05333pt too wide) in paragraph at lines 303--306
[][]\T1/cmr/bx/n/10 Theorem 3.27. []\T1/cmr/m/it/10 As-sume that $\OML/cmm/m/it
/10 f$ \T1/cmr/m/it/10 is $\OML/cmm/m/it/10 ^^V$\T1/cmr/m/it/10 -strongly con-v
ex with $\OML/cmm/m/it/10 L$\T1/cmr/m/it/10 -Lipschitz gra-di-ent. Let $\OML/cm
m/m/it/10 r[] \OT1/cmr/m/n/10 = \OML/cmm/m/it/10 f\OT1/cmr/m/n/10 (\OML/cmm/m/i
t/10 x[]\OT1/cmr/m/n/10 ) \OMS/cmsy/m/n/10 ^^@ [][] \OML/cmm/m/it/10 q[]\OT1/cm
r/m/n/10 (\OML/cmm/m/it/10 y\OT1/cmr/m/n/10 )$\T1/cmr/m/it/10 .
 []

[42]) (./lower_bound.tex
Overfull \hbox (26.73514pt too wide) in paragraph at lines 5--10
\T1/cmr/m/n/10 In this chap-ter, we have dis-cussed a few cut-ting plane meth-o
ds. In par-tic-u-lar, we showed that $\OML/cmm/m/it/10 O\OT1/cmr/m/n/10 ([](\OM
L/cmm/m/it/10 n; []\OT1/cmr/m/n/10 ) []([]))$
 []


Overfull \hbox (46.66907pt too wide) in paragraph at lines 16--19
[]\T1/cmr/m/it/10 which sat-is-fies $\OML/cmm/m/it/10 ^^V \OMS/cmsy/m/n/10 ^^A 
\OML/cmm/m/it/10 I \OMS/cmsy/m/n/10 ^^V r[]\OML/cmm/m/it/10 f\OT1/cmr/m/n/10 (\
OML/cmm/m/it/10 x\OT1/cmr/m/n/10 ) \OMS/cmsy/m/n/10 ^^V \OML/cmm/m/it/10 L \OMS
/cmsy/m/n/10 ^^A \OML/cmm/m/it/10 I$\T1/cmr/m/it/10 . As-sume that our al-go-ri
thm sat-is-fies $\OML/cmm/m/it/10 x[] \OMS/cmsy/m/n/10 2 []\OT1/cmr/m/n/10 (\OM
L/cmm/m/it/10 x[]; \OMS/cmsy/m/n/10 r\OML/cmm/m/it/10 f\OT1/cmr/m/n/10 (\OML/cm
m/m/it/10 x[]\OT1/cmr/m/n/10 )\OML/cmm/m/it/10 ; []  ; \OMS/cmsy/m/n/10 r\OML/c
mm/m/it/10 f\OT1/cmr/m/n/10 (\OML/cmm/m/it/10 x[]\OT1/cmr/m/n/10 ))$
 []

[43]) [44]
Chapter 4.
(./equivalence.tex
Overfull \hbox (49.85689pt too wide) in paragraph at lines 85--90
\T1/cmr/m/n/10 and pro-duces goods $\OT1/cmr/m/n/10 (\OML/cmm/m/it/10 g[]; g[];
 []  ; g[]\OT1/cmr/m/n/10 ) \OMS/cmsy/m/n/10 2 \U/msb/m/n/10 R[]$\T1/cmr/m/n/10
 . We rep-re-sent a ma-chine sim-ply by the vec-tor $\OML/cmm/m/it/10 a \OT1/cm
r/m/n/10 = (\OML/cmm/m/it/10 r[]; r[]; []  ; r[]; g[]; g[]; []  ; g[]\OT1/cmr/m
/n/10 )$\T1/cmr/m/n/10 .
 []

[45

]
Missing character: There is no , in font nullfont!
Missing character: There is no , in font nullfont!
Missing character: There is no , in font nullfont!
Missing character: There is no , in font nullfont!
Missing character: There is no , in font nullfont!
Missing character: There is no , in font nullfont!
<Figures/Section_4.1.2.png, id=1029, 867.24pt x 542.025pt>
File: Figures/Section_4.1.2.png Graphic file (type png)
<use Figures/Section_4.1.2.png>
Package pdftex.def Info: Figures/Section_4.1.2.png  used on input line 153.
(pdftex.def)             Requested size: 352.31625pt x 220.19711pt.

LaTeX Warning: `h' float specifier changed to `ht'.

[46]
Overfull \hbox (5.77646pt too wide) in paragraph at lines 233--241
[]\T1/cmr/m/n/10 Note that $\OML/cmm/m/it/10 f[]$ \T1/cmr/m/n/10 is con-vex be-
cause it is the supre-mum of lin-ear func-tions. Also, we have $\OML/cmm/m/it/1
0 f[]\OT1/cmr/m/n/10 (0) = \OMS/cmsy/m/n/10 ^^@ [][] \OML/cmm/m/it/10 f\OT1/cmr
/m/n/10 (\OML/cmm/m/it/10 x\OT1/cmr/m/n/10 )$\T1/cmr/m/n/10 .
 []

[47 <./Figures/Section_4.1.2.png>]
Missing character: There is no , in font nullfont!
Missing character: There is no , in font nullfont!
Missing character: There is no , in font nullfont!
Missing character: There is no , in font nullfont!
Missing character: There is no , in font nullfont!
Missing character: There is no , in font nullfont!
[48] [49]
Overfull \hbox (1.66808pt too wide) in paragraph at lines 469--475
[]\T1/cmr/m/n/10 The ex-is-tence al-most ev-ery-where is clas-si-cal (Alexan-dr
ov The-o-rem, see e.g., [[]]; see also Rademacher's
 []

<Figures/Lemma_4.21.png, id=1092, 128.6406pt x 139.66177pt>
File: Figures/Lemma_4.21.png Graphic file (type png)
<use Figures/Lemma_4.21.png>
Package pdftex.def Info: Figures/Lemma_4.21.png  used on input line 501.
(pdftex.def)             Requested size: 281.85587pt x 306.03783pt.

LaTeX Warning: `h' float specifier changed to `ht'.

[50] [51 <./Figures/Lemma_4.21.png>]
<Figures/Lemma_4.23.png, id=1112, 103.88812pt x 103.88812pt>
File: Figures/Lemma_4.23.png Graphic file (type png)
<use Figures/Lemma_4.23.png>
Package pdftex.def Info: Figures/Lemma_4.23.png  used on input line 618.
(pdftex.def)             Requested size: 281.85587pt x 281.8903pt.


LaTeX Warning: `h' float specifier changed to `ht'.

[52] [53 <./Figures/Lemma_4.23.png>]
<Figures/Thrm_4.27.png, id=1138, 182.66243pt x 130.62802pt>
File: Figures/Thrm_4.27.png Graphic file (type png)
<use Figures/Thrm_4.27.png>
Package pdftex.def Info: Figures/Thrm_4.27.png  used on input line 743.
(pdftex.def)             Requested size: 281.85587pt x 201.5704pt.


LaTeX Warning: `h' float specifier changed to `ht'.


LaTeX Warning: `h' float specifier changed to `ht'.

<Figures/Lemma_4.29.png, id=1139, 89.25345pt x 97.74518pt>
File: Figures/Lemma_4.29.png Graphic file (type png)
<use Figures/Lemma_4.29.png>
Package pdftex.def Info: Figures/Lemma_4.29.png  used on input line 811.
(pdftex.def)             Requested size: 187.89914pt x 205.78249pt.

LaTeX Warning: `h' float specifier changed to `ht'.

[54] [55 <./Figures/Thrm_4.27.png>] [56 <./Figures/Lemma_4.29.png>] [57]
[58]) (./duality.tex [59] [60] [61] [62] [63]
<Figures/Lemma_4.47.png, id=1234, 442.0515pt x 336.8585pt>
File: Figures/Lemma_4.47.png Graphic file (type png)
<use Figures/Lemma_4.47.png>
Package pdftex.def Info: Figures/Lemma_4.47.png  used on input line 300.
(pdftex.def)             Requested size: 234.8775pt x 178.98132pt.
 [64 <./Figures/Lemma_4.47.png>])
[65]
Chapter 5.
(./frank_wolfe.tex [66

]) (./newton_method.tex
<Figures/Section_5.3.png, id=1258, 559.2895pt x 385.8415pt>
File: Figures/Section_5.3.png Graphic file (type png)
<use Figures/Section_5.3.png>
Package pdftex.def Info: Figures/Section_5.3.png  used on input line 5.
(pdftex.def)             Requested size: 234.8775pt x 162.03465pt.
 [67 <./Figures/Section_5.3.png>]
[68] [69] [70]
<Figures/Section_5.3(1).png, id=1288, 617.1055pt x 355.3275pt>
File: Figures/Section_5.3(1).png Graphic file (type png)
<use Figures/Section_5.3(1).png>
Package pdftex.def Info: Figures/Section_5.3(1).png  used on input line 243.
(pdftex.def)             Requested size: 234.8775pt x 135.24272pt.
 [71 <./Figures/Section_5.3(1).png>])
(./interior_point_method.tex [72] [73]
Overfull \hbox (9.49545pt too wide) in paragraph at lines 171--173
[][]\T1/cmr/bx/n/10 Exercise 5.12. []\T1/cmr/m/n/10 Let $\OML/cmm/m/it/10 r \OT
1/cmr/m/n/10 = \OML/cmm/m/it/10 t \OMS/cmsy/m/n/10 ^^@ \OML/cmm/m/it/10 xs$\T1/
cmr/m/n/10 . Prove that $\OML/cmm/m/it/10 S^^N[] \OT1/cmr/m/n/10 = (\OML/cmm/m/
it/10 I \OMS/cmsy/m/n/10 ^^@ []\OT1/cmr/m/n/10 )\OML/cmm/m/it/10 r$ \T1/cmr/m/n
/10 and $\OML/cmm/m/it/10 X^^N[] \OT1/cmr/m/n/10 = []\OML/cmm/m/it/10 r$ \T1/cm
r/m/n/10 where $[] \OT1/cmr/m/n/10 = \OML/cmm/m/it/10 XA[]\OT1/cmr/m/n/10 (\OML
/cmm/m/it/10 AS[]XA[]\OT1/cmr/m/n/10 )[]\OML/cmm/m/it/10 AS[]$\T1/cmr/m/n/10 . 

 []

[74]
Overfull \hbox (37.52986pt too wide) detected at line 222
[] \OT1/cmr/m/n/10 = [] [][] = [](\OML/cmm/m/it/10 x[]s[] \OT1/cmr/m/n/10 + \OM
L/cmm/m/it/10 x[]^^N[] \OT1/cmr/m/n/10 + \OML/cmm/m/it/10 s[]^^N[] \OT1/cmr/m/n
/10 + \OML/cmm/m/it/10 ^^N[]^^N[] \OMS/cmsy/m/n/10 ^^@ \OML/cmm/m/it/10 t\OT1/c
mr/m/n/10 )[] = [] \OML/cmm/m/it/10 ^^N[]^^N[] \OMS/cmsy/m/n/10 ^^T [][] ^^A []
 [][] [][]
 []

[75] [76] [77] [78] [79] [80] [81]
Overfull \hbox (24.57077pt too wide) in paragraph at lines 840--844
\T1/cmr/m/n/10 Solving this lin-ear sys-tem, we have that $\OML/cmm/m/it/10 S[]
[] \OT1/cmr/m/n/10 = (\OML/cmm/m/it/10 I \OMS/cmsy/m/n/10 ^^@ \OML/cmm/m/it/10 
P[]\OT1/cmr/m/n/10 )1$ \T1/cmr/m/n/10 and $\OML/cmm/m/it/10 X[][] \OT1/cmr/m/n/
10 = \OML/cmm/m/it/10 P[]\OT1/cmr/m/n/10 1$ \T1/cmr/m/n/10 where $\OML/cmm/m/it
/10 P[] \OT1/cmr/m/n/10 = \OML/cmm/m/it/10 X[]A[]\OT1/cmr/m/n/10 (\OML/cmm/m/it
/10 AS[]X[]A[]\OT1/cmr/m/n/10 )[]\OML/cmm/m/it/10 AS[]$\T1/cmr/m/n/10 .
 []

[82] [83] [84] [85]
Overfull \hbox (12.8605pt too wide) detected at line 1132
[]
 []

[86] [87]) (./reduction.tex [88]
Overfull \hbox (22.64014pt too wide) in paragraph at lines 20--89
 [][] 
 []

[89]
Overfull \vbox (7.46114pt too high) detected at line 111
 []


Overfull \vbox (22.52776pt too high) detected at line 121
 []


Overfull \vbox (28.44753pt too high) detected at line 129
 []


Overfull \hbox (26.79225pt too wide) in paragraph at lines 102--140
 [][] 
 []

[90] [91] [92]) [93]
Chapter 6.
(./subspace_embedding.tex [94

] [95] [96] [97] [98])
(./leverage_score_sampling.tex [99] [100]) (./stochastic_gradient_descent.tex
[101] [102]
Overfull \hbox (18.03134pt too wide) in paragraph at lines 143--148
\T1/cmr/m/it/10 min-i-mizer of $\OML/cmm/m/it/10 F$ \T1/cmr/m/it/10 and $\OML/c
mm/m/it/10 ^^[[] \OT1/cmr/m/n/10 = []\OT1/cmr/bx/n/10 E\OMS/cmsy/m/n/10 kr\OML/
cmm/m/it/10 f\OT1/cmr/m/n/10 (\OML/cmm/m/it/10 x[]\OT1/cmr/m/n/10 )\OMS/cmsy/m/
n/10 k[]$\T1/cmr/m/it/10 . For step size $\OML/cmm/m/it/10 h \OMS/cmsy/m/n/10 ^
^T []$\T1/cmr/m/it/10 , the se-quence $\OML/cmm/m/it/10 x[]$ \T1/cmr/m/it/10 in
 $[]$
 []

[103] [104]
Overfull \hbox (8.42667pt too wide) in paragraph at lines 259--264
\T1/cmr/m/it/10 mizer of $\OML/cmm/m/it/10 F$\T1/cmr/m/it/10 . For step size $\
OML/cmm/m/it/10 h \OT1/cmr/m/n/10 = []$ \T1/cmr/m/it/10 and $\OML/cmm/m/it/10 m
 \OT1/cmr/m/n/10 = []$\T1/cmr/m/it/10 , the se-quence $\OML/cmm/m/it/10 x[]$ \T
1/cmr/m/it/10 in $[]$
 []

[105]) [106]
Chapter 7.
(./chebyshev.tex [107

]) (./conjugate_gradient.tex [108] [109] [110])
(./accelerated_gradient_descent.tex [111] [112] [113] [114]
Overfull \hbox (54.8156pt too wide) detected at line 338
[]
 []

[115] [116]) [117] [118

]
Chapter 8.
(./langevin_dynamics.tex [119

] [120] [121] [122] [123] [124]

Package hyperref Warning: Token not allowed in a PDF string (Unicode):
(hyperref)                removing `\@ifnextchar' on input line 449.

[125] [126]) [127]
Chapter 9.
(./cutting_plane_volume.tex [128

] [129]
Overfull \hbox (20.97641pt too wide) in paragraph at lines 208--211
[][]\T1/cmr/bx/n/10 Theorem 9.8. []\T1/cmr/m/it/10 Let $\OML/cmm/m/it/10 K$ \T1
/cmr/m/it/10 be a con-vex body in $\U/msb/m/n/10 R[]$ \T1/cmr/m/it/10 such that
 $\OT1/cmr/m/n/10 [\OMS/cmsy/m/n/10 ^^@\OML/cmm/m/it/10 r; r\OT1/cmr/m/n/10 ][]
 \OMS/cmsy/m/n/10 ^^R \OML/cmm/m/it/10 K \OMS/cmsy/m/n/10 ^^R \OT1/cmr/m/n/10 [
\OMS/cmsy/m/n/10 ^^@\OML/cmm/m/it/10 R; R\OT1/cmr/m/n/10 ][]$\T1/cmr/m/it/10 . 
Al-go-rithm $[]$
 []

<Figures/Section_9.2.png, id=1937, 507.8975pt x 437.2335pt>
File: Figures/Section_9.2.png Graphic file (type png)
<use Figures/Section_9.2.png>
Package pdftex.def Info: Figures/Section_9.2.png  used on input line 235.
(pdftex.def)             Requested size: 234.8775pt x 202.19731pt.
[130] [131 <./Figures/Section_9.2.png>]) (./opt_from_mem.tex [132]) [133]
Chapter 10.
(./ball_walk.tex
Overfull \hbox (15.0pt too wide) detected at line 35
[][] 
 []

[134

] [135]
Overfull \hbox (8.4503pt too wide) in paragraph at lines 205--208
[][]\T1/cmr/bx/n/10 Exercise 10.11. []\T1/cmr/m/n/10 Show that the func-tion $\
OML/cmm/m/it/10 h[]$ \T1/cmr/m/n/10 is con-cave, and if $\OML/cmm/m/it/10 Q$ \T
1/cmr/m/n/10 is atom-free , then $\OML/cmm/m/it/10 h[]\OT1/cmr/m/n/10 (\OML/cmm
/m/it/10 x\OT1/cmr/m/n/10 ) = [][] \OML/cmm/m/it/10 Q[]\OT1/cmr/m/n/10 (\OML/cm
m/m/it/10 A\OT1/cmr/m/n/10 ) \OMS/cmsy/m/n/10 ^^@
 []

<Figures/Exercise_10.3.png, id=2011, 150.86363pt x 89.79547pt>
File: Figures/Exercise_10.3.png Graphic file (type png)
<use Figures/Exercise_10.3.png>
Package pdftex.def Info: Figures/Exercise_10.3.png  used on input line 210.
(pdftex.def)             Requested size: 328.82707pt x 195.74611pt.
[136 <./Figures/Exercise_10.3.png>] [137] [138]
Overfull \hbox (18.23929pt too wide) detected at line 380
[]
 []

[139]
<Figures/Exercise_10.9.png, id=2043, 135.1449pt x 112.19917pt>
File: Figures/Exercise_10.9.png Graphic file (type png)
<use Figures/Exercise_10.9.png>
Package pdftex.def Info: Figures/Exercise_10.9.png  used on input line 471.
(pdftex.def)             Requested size: 352.31625pt x 292.53954pt.
 [140]
<Figures/Thrm_10.12.png, id=2050, 93.951pt x 65.94638pt>
File: Figures/Thrm_10.12.png Graphic file (type png)
<use Figures/Thrm_10.12.png>
Package pdftex.def Info: Figures/Thrm_10.12.png  used on input line 505.
(pdftex.def)             Requested size: 234.8775pt x 164.88867pt.
 [141 <./Figures/Exercise_10.9.png>]
<Figures/Thrm_10.12(1).png, id=2060, 86.0013pt x 67.2111pt>
File: Figures/Thrm_10.12(1).png Graphic file (type png)
<use Figures/Thrm_10.12(1).png>
Package pdftex.def Info: Figures/Thrm_10.12(1).png  used on input line 525.
(pdftex.def)             Requested size: 234.8775pt x 183.56146pt.
 [142 <./Figures/Thrm_10.12.png> <./Figures/Thrm_10.12(1).png>]
<Figures/Partitions.png, id=2070, 117.25807pt x 83.29117pt>
File: Figures/Partitions.png Graphic file (type png)
<use Figures/Partitions.png>
Package pdftex.def Info: Figures/Partitions.png  used on input line 567.
(pdftex.def)             Requested size: 258.36668pt x 183.53596pt.
 [143 <./Figures/Partitions.png>]
<Figures/Lemma_10.10.png, id=2084, 212.83514pt x 85.2786pt>
File: Figures/Lemma_10.10.png Graphic file (type png)
<use Figures/Lemma_10.10.png>
Package pdftex.def Info: Figures/Lemma_10.10.png  used on input line 630.
(pdftex.def)             Requested size: 352.31625pt x 141.17982pt.
<Figures/Lemma_10.10(1).png, id=2085, 130.44736pt x 81.30376pt>
File: Figures/Lemma_10.10(1).png Graphic file (type png)
<use Figures/Lemma_10.10(1).png>
Package pdftex.def Info: Figures/Lemma_10.10(1).png  used on input line 636.
(pdftex.def)             Requested size: 140.92793pt x 87.84146pt.
 [144 <./Figures/Lemma_10.10.png> <./Figures/Lemma_10.10(1).png>] [145] [146]
Overfull \hbox (30.39633pt too wide) detected at line 839
[][] 
 []

[147]
Overfull \hbox (30.39633pt too wide) detected at line 928
[][] 
 []

[148] [149] [150]
<Figures/concave-to-affine.png, id=2192, 1431.3475pt x 360.34625pt>
File: Figures/concave-to-affine.png Graphic file (type png)
<use Figures/concave-to-affine.png>
Package pdftex.def Info: Figures/concave-to-affine.png  used on input line 1194
.
(pdftex.def)             Requested size: 234.8775pt x 59.13016pt.
 [151 <./Figures/concave-to-affine.png (PNG copy)>]
<Figures/Lemma_10.30.png, id=2202, 257.64255pt x 64.86232pt>
File: Figures/Lemma_10.30.png Graphic file (type png)
<use Figures/Lemma_10.30.png>
Package pdftex.def Info: Figures/Lemma_10.30.png  used on input line 1269.
(pdftex.def)             Requested size: 352.31625pt x 88.70245pt.
 [152 <./Figures/Lemma_10.30.png>] [153]) (./har_dikin.tex
<Figures/Section_10.1.png, id=2239, 122.49765pt x 76.42552pt>
File: Figures/Section_10.1.png Graphic file (type png)
<use Figures/Section_10.1.png>
Package pdftex.def Info: Figures/Section_10.1.png  used on input line 11.
(pdftex.def)             Requested size: 328.82707pt x 205.20064pt.


LaTeX Warning: `h' float specifier changed to `ht'.


Overfull \hbox (15.0pt too wide) detected at line 29
[][] 
 []

[154]
<Figures/Lemma_10.35.png, id=2258, 163.3302pt x 132.9768pt>
File: Figures/Lemma_10.35.png Graphic file (type png)
<use Figures/Lemma_10.35.png>
Package pdftex.def Info: Figures/Lemma_10.35.png  used on input line 52.
(pdftex.def)             Requested size: 328.82707pt x 267.7446pt.


LaTeX Warning: `h' float specifier changed to `ht'.

<Figures/Thrm_10.37.png, id=2261, 123.22035pt x 74.07675pt>
File: Figures/Thrm_10.37.png Graphic file (type png)
<use Figures/Thrm_10.37.png>
Package pdftex.def Info: Figures/Thrm_10.37.png  used on input line 64.
(pdftex.def)             Requested size: 281.85587pt x 169.44495pt.

LaTeX Warning: `h' float specifier changed to `ht'.

[155 <./Figures/Section_10.1.png>]
<Figures/Thrm_10.39.png, id=2279, 143.0946pt x 74.61877pt>
File: Figures/Thrm_10.39.png Graphic file (type png)
<use Figures/Thrm_10.39.png>
Package pdftex.def Info: Figures/Thrm_10.39.png  used on input line 127.
(pdftex.def)             Requested size: 281.85587pt x 146.97818pt.


LaTeX Warning: `h' float specifier changed to `ht'.

[156 <./Figures/Lemma_10.35.png>] [157 <./Figures/Thrm_10.37.png> <./Figures/Th
rm_10.39.png>]
<Figures/Thrm_10.40.png, id=2302, 134.96422pt x 82.56848pt>
File: Figures/Thrm_10.40.png Graphic file (type png)
<use Figures/Thrm_10.40.png>
Package pdftex.def Info: Figures/Thrm_10.40.png  used on input line 186.
(pdftex.def)             Requested size: 281.85587pt x 172.46658pt.
 [158 <./Figures/Thrm_10.40.png>] [159]
Overfull \hbox (34.51393pt too wide) detected at line 331
[][] \OML/cmm/m/it/10 g\OT1/cmr/m/n/10 (\OML/cmm/m/it/10 x; t\OT1/cmr/m/n/10 ) 
\OML/cmm/m/it/10 dx \OMS/cmsy/m/n/10 ^^T \OML/cmm/m/it/10 ^^M[]\OT1/cmr/m/n/10 
(\OMS/cmsy/m/n/10 f\OML/cmm/m/it/10 x \OMS/cmsy/m/n/10 2 \OML/cmm/m/it/10 K \OT
1/cmr/m/n/10 :  \OML/cmm/m/it/10 g\OT1/cmr/m/n/10 (\OML/cmm/m/it/10 x; t\OT1/cm
r/m/n/10 ) \OMS/cmsy/m/n/10 ^^T \OML/cmm/m/it/10 ^^M\OT1/cmr/m/n/10 )) + [](\OM
S/cmsy/m/n/10 f\OML/cmm/m/it/10 x \OMS/cmsy/m/n/10 2 \OML/cmm/m/it/10 K \OT1/cm
r/m/n/10 :  \OML/cmm/m/it/10 g\OT1/cmr/m/n/10 (\OML/cmm/m/it/10 x; t\OT1/cmr/m/
n/10 ) \OMS/cmsy/m/n/10 ^^U \OML/cmm/m/it/10 ^^M\OMS/cmsy/m/n/10 g\OT1/cmr/m/n/
10 ) = \OML/cmm/m/it/10 ^^M[]\OT1/cmr/m/n/10 (\OML/cmm/m/it/10 K\OT1/cmr/m/n/10
 ) + (1 \OMS/cmsy/m/n/10 ^^@ \OML/cmm/m/it/10 ^^M\OT1/cmr/m/n/10 )[](\OMS/cmsy/
m/n/10 f\OML/cmm/m/it/10 x \OMS/cmsy/m/n/10 2 \OML/cmm/m/it/10 K \OT1/cmr/m/n/1
0 :  \OML/cmm/m/it/10 g\OT1/cmr/m/n/10 (\OML/cmm/m/it/10 x; t\OT1/cmr/m/n/10 ) 
\OMS/cmsy/m/n/10 ^^U \OML/cmm/m/it/10 ^^M\OMS/cmsy/m/n/10 g\OT1/cmr/m/n/10 )\OM
L/cmm/m/it/10 :
 []

[160] [161]
Overfull \hbox (15.0pt too wide) detected at line 487
[][] 
 []

[162]
<Figures/symmetry.png, id=2358, 674.52pt x 361.35pt>
File: Figures/symmetry.png Graphic file (type png)
<use Figures/symmetry.png>
Package pdftex.def Info: Figures/symmetry.png  used on input line 554.
(pdftex.def)             Requested size: 303.53119pt x 162.60599pt.

Overfull \hbox (92.14287pt too wide) in paragraph at lines 554--555
 [] 
 []

<Figures/ssc.png, id=2359, 654.445pt x 390.45876pt>
File: Figures/ssc.png Graphic file (type png)
<use Figures/ssc.png>
Package pdftex.def Info: Figures/ssc.png  used on input line 559.
(pdftex.def)             Requested size: 229.05917pt x 136.6626pt.

Overfull \hbox (17.67085pt too wide) in paragraph at lines 559--560
[]  
 []


LaTeX Warning: `h' float specifier changed to `ht'.

[163] [164 <./Figures/symmetry.png> <./Figures/ssc.png>] [165] [166])
(./RHMC.tex [167] [168] [169]) [170] [171]
Chapter 11.
(./annealing.tex [172

]
Overfull \hbox (15.0pt too wide) detected at line 128
[][] 
 []

[173] [174]
Overfull \hbox (15.0pt too wide) detected at line 269
[][] 
 []

) (./annealing_volume.tex [175]
Overfull \hbox (15.0pt too wide) detected at line 48
[][] 
 []

[176] [177]
Overfull \hbox (15.0pt too wide) detected at line 193
[][] 
 []

) [178] (./main.bbl [179


] [180] [181] [182]) [183]
Appendix A.
(./appendix.tex [184

]
<Figures/fig3.png, id=2627, 963.6pt x 542.025pt>
File: Figures/fig3.png Graphic file (type png)
<use Figures/fig3.png>
Package pdftex.def Info: Figures/fig3.png  used on input line 102.
(pdftex.def)             Requested size: 289.07999pt x 162.60048pt.
 [185 <./Figures/fig3.png>]
Overfull \hbox (9.2736pt too wide) detected at line 137
[][] []\OML/cmm/m/it/10 dx \OT1/cmr/m/n/10 = [][] \OMS/cmsy/m/n/10 ^^@ [][] [] 
[] \OML/cmm/m/it/10 h\OT1/cmr/m/n/10 (\OML/cmm/m/it/10 x\OT1/cmr/m/n/10 )\OML/c
mm/m/it/10 dx:
 []

[186] [187]) [188]
Appendix B.
(./notation.tex) [189

] (./main.aux)
Package rerunfilecheck Info: File `main.out' has not changed.
(rerunfilecheck)             Checksum: 03D843261180219A61498A42440FDCD2;14840.
 ) 
Here is how much of TeX's memory you used:
 30051 strings out of 475066
 558119 string characters out of 5782772
 902245 words of memory out of 5000000
 49633 multiletter control sequences out of 15000+600000
 508207 words of font info for 128 fonts, out of 8000000 for 9000
 1141 hyphenation exceptions out of 8191
 94i,17n,117p,792b,852s stack positions out of 10000i,1000n,20000p,200000b,200000s
{c:/texlive/2022/texmf-dist/fonts/enc/dvips/cm-super/cm-super-ts1.enc}{c:/tex
live/2022/texmf-dist/fonts/enc/dvips/cm-super/cm-super-t1.enc}<c:/texlive/2022/
texmf-dist/fonts/type1/public/amsfonts/cm/cmbx10.pfb><c:/texlive/2022/texmf-dis
t/fonts/type1/public/amsfonts/cm/cmbx7.pfb><c:/texlive/2022/texmf-dist/fonts/ty
pe1/public/amsfonts/cm/cmex10.pfb><c:/texlive/2022/texmf-dist/fonts/type1/publi
c/amsfonts/cmextra/cmex7.pfb><c:/texlive/2022/texmf-dist/fonts/type1/public/ams
fonts/cmextra/cmex9.pfb><c:/texlive/2022/texmf-dist/fonts/type1/public/amsfonts
/cm/cmmi10.pfb><c:/texlive/2022/texmf-dist/fonts/type1/public/amsfonts/cm/cmmi1
2.pfb><c:/texlive/2022/texmf-dist/fonts/type1/public/amsfonts/cm/cmmi5.pfb><c:/
texlive/2022/texmf-dist/fonts/type1/public/amsfonts/cm/cmmi6.pfb><c:/texlive/20
22/texmf-dist/fonts/type1/public/amsfonts/cm/cmmi7.pfb><c:/texlive/2022/texmf-d
ist/fonts/type1/public/amsfonts/cm/cmmi8.pfb><c:/texlive/2022/texmf-dist/fonts/
type1/public/amsfonts/cm/cmmi9.pfb><c:/texlive/2022/texmf-dist/fonts/type1/publ
ic/amsfonts/cm/cmr10.pfb><c:/texlive/2022/texmf-dist/fonts/type1/public/amsfont
s/cm/cmr5.pfb><c:/texlive/2022/texmf-dist/fonts/type1/public/amsfonts/cm/cmr6.p
fb><c:/texlive/2022/texmf-dist/fonts/type1/public/amsfonts/cm/cmr7.pfb><c:/texl
ive/2022/texmf-dist/fonts/type1/public/amsfonts/cm/cmr8.pfb><c:/texlive/2022/te
xmf-dist/fonts/type1/public/amsfonts/cm/cmr9.pfb><c:/texlive/2022/texmf-dist/fo
nts/type1/public/amsfonts/cm/cmss8.pfb><c:/texlive/2022/texmf-dist/fonts/type1/
public/amsfonts/cm/cmsy10.pfb><c:/texlive/2022/texmf-dist/fonts/type1/public/am
sfonts/cm/cmsy5.pfb><c:/texlive/2022/texmf-dist/fonts/type1/public/amsfonts/cm/
cmsy6.pfb><c:/texlive/2022/texmf-dist/fonts/type1/public/amsfonts/cm/cmsy7.pfb>
<c:/texlive/2022/texmf-dist/fonts/type1/public/amsfonts/cm/cmsy8.pfb><c:/texliv
e/2022/texmf-dist/fonts/type1/public/amsfonts/cm/cmsy9.pfb><c:/texlive/2022/tex
mf-dist/fonts/type1/public/amsfonts/cm/cmti10.pfb><c:/texlive/2022/texmf-dist/f
onts/type1/public/amsfonts/cm/cmti7.pfb><c:/texlive/2022/texmf-dist/fonts/type1
/public/amsfonts/cm/cmtt10.pfb><c:/texlive/2022/texmf-dist/fonts/type1/public/a
msfonts/symbols/msam10.pfb><c:/texlive/2022/texmf-dist/fonts/type1/public/amsfo
nts/symbols/msbm10.pfb><c:/texlive/2022/texmf-dist/fonts/type1/public/amsfonts/
symbols/msbm5.pfb><c:/texlive/2022/texmf-dist/fonts/type1/public/amsfonts/symbo
ls/msbm7.pfb><c:/texlive/2022/texmf-dist/fonts/type1/public/cm-super/sfbx0900.p
fb><c:/texlive/2022/texmf-dist/fonts/type1/public/cm-super/sfbx1000.pfb><c:/tex
live/2022/texmf-dist/fonts/type1/public/cm-super/sfbx1200.pfb><c:/texlive/2022/
texmf-dist/fonts/type1/public/cm-super/sfrm0600.pfb><c:/texlive/2022/texmf-dist
/fonts/type1/public/cm-super/sfrm0700.pfb><c:/texlive/2022/texmf-dist/fonts/typ
e1/public/cm-super/sfrm0800.pfb><c:/texlive/2022/texmf-dist/fonts/type1/public/
cm-super/sfrm0900.pfb><c:/texlive/2022/texmf-dist/fonts/type1/public/cm-super/s
frm1000.pfb><c:/texlive/2022/texmf-dist/fonts/type1/public/cm-super/sfrm1200.pf
b><c:/texlive/2022/texmf-dist/fonts/type1/public/cm-super/sfrm1728.pfb><c:/texl
ive/2022/texmf-dist/fonts/type1/public/cm-super/sfss0800.pfb><c:/texlive/2022/t
exmf-dist/fonts/type1/public/cm-super/sfss1728.pfb><c:/texlive/2022/texmf-dist/
fonts/type1/public/cm-super/sfsx1000.pfb><c:/texlive/2022/texmf-dist/fonts/type
1/public/cm-super/sfti0800.pfb><c:/texlive/2022/texmf-dist/fonts/type1/public/c
m-super/sfti1000.pfb><c:/texlive/2022/texmf-dist/fonts/type1/public/cm-super/sf
tt1000.pfb>
Output written on main.pdf (190 pages, 3250269 bytes).
PDF statistics:
 3100 PDF objects out of 3580 (max. 8388607)
 2708 compressed objects within 28 object streams
 1112 named destinations out of 1200 (max. 500000)
 822 words of extra memory for PDF output out of 10000 (max. 10000000)

